09:22:20 .SETUP.EXE started at: May 18, 2006 09:22:20
09:22:20 -----------------------------------------------------------------------------
09:22:20 .Command line: -autosetup
09:22:20 .Kit-Dll loaded from: E:\KIT.DLL
09:22:20 .CheckKitVersion: TRUE (KitVersion: 1.0.13.0)
09:22:20 .Get infos from current installed release
09:22:20 !Unable to get value of registry key 'Patch'.
09:22:20 !Unable to get value of registry key 'PatchDir'.
09:22:20 .Use INI-File: E:\Internat\KrcUpd\KukaUpd.ini
09:22:20 .Check INI-files.
09:22:20 !Section 'RegOption' not found in 'E:\Internat\KrcUpd\KukaUpd.ini'.
09:22:20 !Section 'WinDir' not found in 'E:\Internat\KrcUpd\KukaUpd.ini'.
09:22:20 !Unable to get 'LogFile' from KuKaUpd.ini
09:22:20 !No 'ReinstDir' available in section [Information]
09:22:20 !No 'UninstDir' available in section [Information]
09:22:20 .GetUserExeLangID: 0x405
09:22:20 !Get LanguageDir no Id available in section [WinDir]
09:22:20 !Get LanguageDir Id not found in section [WinDir]
09:22:20 .Check whether KRC is running
09:22:20 .Check whether KRC is running
09:22:20 .Check whether KRC is running
09:22:20 .No KRC process is running => RunOnce=FALSE
09:22:20 !Unable to get 'Administrator' from KuKaUpd.ini
09:22:20 !Unable to get 'ShowSecurityCheck' from KuKaUpd.ini
09:22:20 !Unable to get 'KrcRunning' from KuKaUpd.ini
09:22:20 .Start prepare HF4 for V3.3.3 SP10 installation
09:22:20 .Check installed version and service pack version
09:22:20 .Make SaveDir
09:22:20 !No 'UninstDir' available in section [Information]
09:22:20 !Make UninstDir nothing to do
09:22:20 !No 'ReinstDir' available in section [Information]
09:22:20 !Make ReinstDir nothing to do
09:22:20 .RenameDir: C:\KRC_OLDINST to C:\KRC_OLDINST1
09:22:20 .Save files
09:22:20 .CopyFiles: 1 from C:\KrcLinks\*.* to C:\WINDOWS\Nabídka Start\Programy\Po spuštìní\*.*
09:22:20 .Copy files with wininit-method
09:22:20 !Get NoHibernate: No value for NoHibernate found. Use 'AUTO'
09:22:20 .Check whether KRC is running
09:22:20 .Check whether KRC is running
09:22:20 .Check whether KRC is running
09:22:20 .No KRC process is running => RunOnce=FALSE
09:22:20 .KRC process is not running => NoHibernate=FALSE
09:22:20 .Check whether KRC is running
09:22:20 .Check whether KRC is running
09:22:20 .Check whether KRC is running
09:22:20 .No KRC process is running => RunOnce=FALSE
09:22:20 .Unregister files
09:22:22 .RegSvr: Unregister of C:\KRC\lib\AnalogIO.ocx succeeded.
09:22:22 .RegSvr: Unregister of C:\KRC\lib\Analyse.ocx succeeded.
09:22:22 .RegSvr: Unregister of C:\KRC\lib\AnySim.ocx succeeded.
09:22:22 .RegSvr: Unregister of C:\KRC\lib\AutoEx.ocx succeeded.
09:22:23 .RegSvr: Unregister of C:\KRC\lib\BinOut.ocx succeeded.
09:22:23 .RegSvr: Unregister of C:\KRC\lib\ConfigMon.ocx succeeded.
09:22:23 .RegSvr: Unregister of C:\KRC\lib\Counter.ocx succeeded.
09:22:23 .RegSvr: Unregister of C:\KRC\lib\Cross.ocx succeeded.
09:22:23 .RegSvr: Unregister of C:\KRC\lib\DriverReset.ocx succeeded.
09:22:24 .RegSvr: Unregister of C:\KRC\lib\ESCDiag.ocx succeeded.
09:22:24 .RegSvr: Unregister of C:\KRC\lib\FileHandler2.ocx succeeded.
09:22:24 .RegSvr: Unregister of C:\KRC\lib\Flag.ocx succeeded.
09:22:25 .RegSvr: Unregister of C:\KRC\lib\GSGoem.ocx succeeded.
09:22:25 .RegSvr: Unregister of C:\KRC\lib\Greifer.ocx succeeded.
09:22:25 .RegSvr: Unregister of C:\KRC\lib\Gripper.ocx succeeded.
09:22:25 .RegSvr: Unregister of C:\KRC\lib\HardKey.ocx succeeded.
09:22:25 .RegSvr: Unregister of C:\KRC\lib\IconEdit.ocx succeeded.
09:22:26 .RegSvr: Unregister of C:\KRC\lib\Interrupt.ocx succeeded.
09:22:26 .RegSvr: Unregister of C:\KRC\lib\Justage.ocx succeeded.
09:22:26 .RegSvr: Unregister of C:\KRC\lib\KUKAConfBackWardMove.ocx succeeded.
09:22:26 .RegSvr: Unregister of C:\KRC\lib\KUKAUserStatKeyBar.ocx succeeded.
09:22:26 .RegSvr: Unregister of C:\KRC\lib\Language.ocx succeeded.
09:22:26 .RegSvr: Unregister of C:\KRC\lib\LogView.ocx succeeded.
09:22:27 .RegSvr: Unregister of C:\KRC\lib\MSTEST.OCX succeeded.
09:22:27 .RegSvr: Unregister of C:\KRC\lib\Meldung.ocx succeeded.
09:22:27 .RegSvr: Unregister of C:\KRC\lib\MouseConfig.ocx succeeded.
09:22:28 .RegSvr: Unregister of C:\KRC\lib\MoveStatKey.ocx succeeded.
09:22:28 .RegSvr: Unregister of C:\KRC\lib\Notice.ocx succeeded.
09:22:28 .RegSvr: Unregister of C:\KRC\lib\OfficeOPMode.ocx succeeded.
09:22:28 .RegSvr: Unregister of C:\KRC\lib\OnlineHelp.ocx succeeded.
09:22:29 .RegSvr: Unregister of C:\KRC\lib\ParaList.ocx succeeded.
09:22:29 .RegSvr: Unregister of C:\KRC\lib\ParaStatKey.ocx succeeded.
09:22:29 .RegSvr: Unregister of C:\KRC\lib\RobName.ocx succeeded.
09:22:29 .RegSvr: Unregister of C:\KRC\lib\Simulate.ocx succeeded.
09:22:29 .RegSvr: Unregister of C:\KRC\lib\SoftKey.ocx succeeded.
09:22:29 .RegSvr: Unregister of C:\KRC\lib\SystemDisplay.ocx succeeded.
09:22:30 .RegSvr: Unregister of C:\KRC\lib\Technology.ocx succeeded.
09:22:30 .RegSvr: Unregister of C:\KRC\lib\Timer.ocx succeeded.
09:22:30 .RegSvr: Unregister of C:\KRC\lib\Tool.ocx succeeded.
09:22:30 .RegSvr: Unregister of C:\KRC\lib\Trace.ocx succeeded.
09:22:30 .RegSvr: Unregister of C:\KRC\lib\UserMode.ocx succeeded.
09:22:30 .RegSvr: Unregister of C:\KRC\lib\UserScreen.ocx succeeded.
09:22:30 .RegSvr: Unregister of C:\KRC\lib\UserStatKey.ocx succeeded.
09:22:31 .RegSvr: Unregister of C:\KRC\lib\VarStatKey.ocx succeeded.
09:22:31 .RegSvr: Unregister of C:\KRC\lib\Version.ocx succeeded.
09:22:31 .RegSvr: Unregister of C:\KRC\lib\WorkSpaceMonitor.ocx succeeded.
09:22:31 .RegSvr: Unregister of C:\KRC\lib\iopos.ocx succeeded.
09:22:31 .RegSvr: Unregister of C:\KRC\lib\varkor.ocx succeeded.
09:22:32 .RegSvr: Unregister of C:\KRC\lib\xedit.ocx succeeded.
09:22:33 .RegSvr: Unregister of C:\KRC\lib\Cross3Archive.CME succeeded.
09:22:33 .RegSvr: Unregister of C:\KRC\lib\Cross3BOF.CME succeeded.
09:22:33 .RegSvr: Unregister of C:\KRC\lib\Cross3Boot.CME succeeded.
09:22:33 .RegSvr: Unregister of C:\KRC\lib\Cross3File.CME succeeded.
09:22:33 .RegSvr: Unregister of C:\KRC\lib\Cross3Info.CME succeeded.
09:22:33 .RegSvr: Unregister of C:\KRC\lib\Cross3Log.CME succeeded.
09:22:33 .RegSvr: Unregister of C:\KRC\lib\Cross3Msg.CME succeeded.
09:22:33 .RegSvr: Unregister of C:\KRC\lib\Cross3Upgrade.CME succeeded.
09:22:34 .RegSvr: Unregister of C:\KRC\lib\TPVW.dll succeeded.
09:22:34 .Delete work
09:22:34 .DeleteFiles: 1 from C:\WINDOWS\Nabídka Start\Programy\Po spuštìní\*Setup.exe.lnk
09:22:34 .EraseDir: 2 in C:\KRCLINKS
09:22:34 .Copy files final step
09:22:43 .CopyDir: 21 from E:\Internat\KRCSetup\KRC to C:\KRC
09:22:43 .Execute check parameter: E:\INTERNAT\KRCUPD\DevInst.exe #/E /Q Mouse "E:\INTERNAT\KRCUPD\LpActMou.inf"
09:22:43 .Execute start: "E:\INTERNAT\KRCUPD\DevInst.exe" /E /Q Mouse "E:\INTERNAT\KRCUPD\LpActMou.inf"
09:22:45 .Return value from executed program: 0
09:22:45 .Execute check parameter: E:\INTERNAT\KRCUPD\INSTGUARD.EXE #/Q /U "E:\INTERNAT\KRCUPD" "C:\IKARUS"
09:22:45 .Execute start: "E:\INTERNAT\KRCUPD\INSTGUARD.EXE" /Q /U "E:\INTERNAT\KRCUPD" "C:\IKARUS"
09:22:46 .Install new version of virusscanner
09:22:46 .Uninstall virusscanner: C:\IKARUS\GUARD95\UNINSTAL.EXE C:\IKARUS\GUARD95\INSTALL.LOG
09:22:46 !File not found at: C:\IKARUS\GUARD95\UNINSTAL.EXE
09:22:46 !File not found at: C:\IKARUS\GUARD95\INSTALL.LOG
09:22:46 !No virusscanner to uninstall!!!
09:22:46 .Uninstall virusscanner: C:\IKARUS\VUW95\UNINSTAL.EXE C:\IKARUS\VUW95\INSTALL.LOG
09:22:46 !File not found at: C:\IKARUS\VUW95\UNINSTAL.EXE
09:22:46 !File not found at: C:\IKARUS\VUW95\INSTALL.LOG
09:22:46 !No virusscanner to uninstall!!!
09:22:46 .Uninstall virusscanner: C:\IKARUS\GUARDNT\UNINSTAL.EXE C:\IKARUS\GUARDNT\INSTALL.LOG
09:22:46 !File not found at: C:\IKARUS\GUARDNT\UNINSTAL.EXE
09:22:46 !File not found at: C:\IKARUS\GUARDNT\INSTALL.LOG
09:22:46 !No virusscanner to uninstall!!!
09:22:46 .Uninstall virusscanner: C:\IKARUS\VUWNT\UNINSTAL.EXE C:\IKARUS\VUWNT\INSTALL.LOG
09:22:46 !File not found at: C:\IKARUS\VUWNT\UNINSTAL.EXE
09:22:46 !File not found at: C:\IKARUS\VUWNT\INSTALL.LOG
09:22:46 !No virusscanner to uninstall!!!
09:22:46 .Return value from executed program: 0
09:22:46 !Unable to get [Exec2] '3=' from KuKaUpd.ini
09:22:46 .Register files
09:22:47 .RegSvr: Register of C:\KRC\lib\AnalogIO.ocx succeeded.
09:22:47 .RegSvr: Register of C:\KRC\lib\Analyse.ocx succeeded.
09:22:47 .RegSvr: Register of C:\KRC\lib\AnySim.ocx succeeded.
09:22:47 .RegSvr: Register of C:\KRC\lib\AutoEx.ocx succeeded.
09:22:47 .RegSvr: Register of C:\KRC\lib\BinOut.ocx succeeded.
09:22:47 .RegSvr: Register of C:\KRC\lib\ConfigMon.ocx succeeded.
09:22:47 .RegSvr: Register of C:\KRC\lib\Counter.ocx succeeded.
09:22:47 .RegSvr: Register of C:\KRC\lib\Cross.ocx succeeded.
09:22:48 .RegSvr: Register of C:\KRC\lib\DriverReset.ocx succeeded.
09:22:48 .RegSvr: Register of C:\KRC\lib\ESCDiag.ocx succeeded.
09:22:49 .RegSvr: Register of C:\KRC\lib\FileHandler2.ocx succeeded.
09:22:49 .RegSvr: Register of C:\KRC\lib\Flag.ocx succeeded.
09:22:49 .RegSvr: Register of C:\KRC\lib\GSGoem.ocx succeeded.
09:22:49 .RegSvr: Register of C:\KRC\lib\Greifer.ocx succeeded.
09:22:49 .RegSvr: Register of C:\KRC\lib\Gripper.ocx succeeded.
09:22:49 .RegSvr: Register of C:\KRC\lib\HardKey.ocx succeeded.
09:22:49 .RegSvr: Register of C:\KRC\lib\IconEdit.ocx succeeded.
09:22:49 .RegSvr: Register of C:\KRC\lib\Interrupt.ocx succeeded.
09:22:50 .RegSvr: Register of C:\KRC\lib\Justage.ocx succeeded.
09:22:50 .RegSvr: Register of C:\KRC\lib\KUKAConfBackWardMove.ocx succeeded.
09:22:50 .RegSvr: Register of C:\KRC\lib\KUKAUserStatKeyBar.ocx succeeded.
09:22:50 .RegSvr: Register of C:\KRC\lib\Language.ocx succeeded.
09:22:50 .RegSvr: Register of C:\KRC\lib\LogView.ocx succeeded.
09:22:50 .RegSvr: Register of C:\KRC\lib\MSTEST.OCX succeeded.
09:22:51 .RegSvr: Register of C:\KRC\lib\Meldung.ocx succeeded.
09:22:51 .RegSvr: Register of C:\KRC\lib\MouseConfig.ocx succeeded.
09:22:51 .RegSvr: Register of C:\KRC\lib\MoveStatKey.ocx succeeded.
09:22:51 .RegSvr: Register of C:\KRC\lib\Notice.ocx succeeded.
09:22:51 .RegSvr: Register of C:\KRC\lib\OfficeOPMode.ocx succeeded.
09:22:52 .RegSvr: Register of C:\KRC\lib\OnlineHelp.ocx succeeded.
09:22:52 .RegSvr: Register of C:\KRC\lib\ParaList.ocx succeeded.
09:22:52 .RegSvr: Register of C:\KRC\lib\ParaStatKey.ocx succeeded.
09:22:52 .RegSvr: Register of C:\KRC\lib\RobName.ocx succeeded.
09:22:52 .RegSvr: Register of C:\KRC\lib\Simulate.ocx succeeded.
09:22:52 .RegSvr: Register of C:\KRC\lib\SoftKey.ocx succeeded.
09:22:52 .RegSvr: Register of C:\KRC\lib\SystemDisplay.ocx succeeded.
09:22:53 .RegSvr: Register of C:\KRC\lib\Technology.ocx succeeded.
09:22:53 .RegSvr: Register of C:\KRC\lib\Timer.ocx succeeded.
09:22:53 .RegSvr: Register of C:\KRC\lib\Tool.ocx succeeded.
09:22:53 .RegSvr: Register of C:\KRC\lib\Trace.ocx succeeded.
09:22:53 .RegSvr: Register of C:\KRC\lib\UserMode.ocx succeeded.
09:22:53 .RegSvr: Register of C:\KRC\lib\UserScreen.ocx succeeded.
09:22:53 .RegSvr: Register of C:\KRC\lib\UserStatKey.ocx succeeded.
09:22:53 .RegSvr: Register of C:\KRC\lib\VarStatKey.ocx succeeded.
09:22:54 .RegSvr: Register of C:\KRC\lib\Version.ocx succeeded.
09:22:54 .RegSvr: Register of C:\KRC\lib\WorkSpaceMonitor.ocx succeeded.
09:22:54 .RegSvr: Register of C:\KRC\lib\iopos.ocx succeeded.
09:22:54 .RegSvr: Register of C:\KRC\lib\varkor.ocx succeeded.
09:22:54 .RegSvr: Register of C:\KRC\lib\xedit.ocx succeeded.
09:22:55 .RegSvr: Register of C:\KRC\lib\Cross3Archive.CME succeeded.
09:22:55 .RegSvr: Register of C:\KRC\lib\Cross3BOF.CME succeeded.
09:22:55 .RegSvr: Register of C:\KRC\lib\Cross3Boot.CME succeeded.
09:22:55 .RegSvr: Register of C:\KRC\lib\Cross3File.CME succeeded.
09:22:55 .RegSvr: Register of C:\KRC\lib\Cross3Info.CME succeeded.
09:22:56 .RegSvr: Register of C:\KRC\lib\Cross3Log.CME succeeded.
09:22:56 .RegSvr: Register of C:\KRC\lib\Cross3Msg.CME succeeded.
09:22:56 .RegSvr: Register of C:\KRC\lib\Cross3Upgrade.CME succeeded.
09:22:56 .RegSvr: Register of C:\KRC\lib\TPVW.dll succeeded.
09:22:56 .Save registry
09:22:56 .Registry work
09:22:56 !Unable to get 'RegeditDir' from KuKaUpd.ini use default value.
09:22:56 .Registry work: "E:\INTERNAT\KRCUPD\HF.REG"
09:22:56 .Modify files
09:22:56 .Make shortcuts
09:22:56 !Unable to get [Exec3] '1=' from KuKaUpd.ini
09:22:56 .Get UpdateVersion: TRUE
09:22:56 .Update patch info in registry
09:22:56 .Get NewVersion: V3.3.3 SP10 HF4
09:22:56 .Set value of registry key 'SOFTWARE\KUKA Roboter GmbH\Version' -> Version = V3.3.3 SP10 HF4
09:22:56 .Get ServicePack: Hotfix
09:22:56 .Set value of registry key 'SOFTWARE\KUKA Roboter GmbH\Version' -> Patch = Hotfix
09:22:56 !Unable to get 'Build' from KuKaUpd.ini
09:22:56 .Set value of registry key 'SOFTWARE\KUKA Roboter GmbH\Version' -> Build = 
09:22:56 .Get SPDir: D:\HOTFIX
09:22:56 .Set value of registry key 'SOFTWARE\KUKA Roboter GmbH\Version' -> PatchDir = D:\HOTFIX
09:22:56 .Set value of registry key 'SOFTWARE\KUKA Roboter GmbH\Version' -> PatchDate = May 18, 2006 09:22:56
09:22:56 .Add KukaLog
09:22:56 .Get LogDir: 'C:\KRC\Roboter\Log'.
09:22:56 !No Name key available in section RegOption.
09:22:56 .Get ServicePack: Hotfix
09:22:56 .Get NewVersion: V3.3.3 SP10 HF4
09:22:56 .Get ForceColdStart: TRUE
09:22:56 .Force KRC1 to make cold start
09:22:56 .Force no hibernate
09:22:56 .Set value of registry key 'SOFTWARE\KUKA Roboter GmbH\Cross3\Manager\Boot' -> ForceCold = 1
09:22:56 .Get RunOnce: AUTO
09:22:56 .Check whether KRC is running
09:22:56 .Check whether KRC is running
09:22:56 .Check whether KRC is running
09:22:56 .No KRC process is running => RunOnce=FALSE
09:22:56 .Get RestartWindows2: TRUE
09:22:56 .Check whether KRC is running
09:22:56 .Check whether KRC is running
09:22:56 .Check whether KRC is running
09:22:56 .Check whether KRC is running
09:22:56 .Force windows to make restart after installation of the HF4 for V3.3.3 SP10
09:22:56 .Get RunOnce: AUTO
09:22:56 .Check whether KRC is running
09:22:56 .Check whether KRC is running
09:22:56 .Check whether KRC is running
09:22:56 .No KRC process is running => RunOnce=FALSE
09:22:56 .HF4 for V3.3.3 SP10 executed successfully!!
09:22:56 !Unable to get 'ShowNeedRestart' from KuKaUpd.ini
09:23:01 !Unable to get 'DelSourceDir' from KuKaUpd.ini
09:23:01 .SETUP.EXE ends at: May 18, 2006 09:23:01
09:23:01 -----------------------------------------------------------------------------
