    Konvertierungszeitpunkt (Upgrade-Server):     < 05/04/15 7:28:16 PM >
    --- Aufruf: Init ( C:\KRC\ROBOTER\TEMPLATE ) ---
    aktuelle Release: <3.3.5> (App.Comments)
    Initialisiere das Technologiepaket
    Erzeuge die File-Liste
    Read Template-Files
    C:\KRC\ROBOTER\TEMPLATE\VORGABE.SRC  gefunden
    C:\KRC\ROBOTER\TEMPLATE\VORGABE.DAT  gefunden
    C:\KRC\ROBOTER\TEMPLATE\UPVORGABE.SRC  gefunden
    C:\KRC\ROBOTER\TEMPLATE\UPVORGABE.DAT  gefunden
    C:\KRC\ROBOTER\TEMPLATE\MAKROVORGABE.SRC  gefunden
    C:\KRC\ROBOTER\TEMPLATE\MAKROSPSVORGABE.SRC  gefunden
    C:\KRC\ROBOTER\TEMPLATE\MAKROSAWVORGABE.SRC  gefunden
    C:\KRC\ROBOTER\TEMPLATE\MAKROSGVORGABE.SRC  gefunden
    --- Aufruf: NeedUpgrade ( C:\KRC\ROBOTER\KRC\R1\FOLGEN\CELL.SRC ) ---
    Releasekennung ist nicht aktuell
    Datei mit Ziel konvertieren --> [ NeedUpgrade = UpgSourceDest ]
    --- Aufruf: NeedUpgrade ( C:\KRC\ROBOTER\KRC\R1\FOLGEN\CELL.DAT ) ---
    Releasekennung ist nicht aktuell
    Datei mit Ziel konvertieren --> [ NeedUpgrade = UpgSourceDest ]
    --- Aufruf: UpGrade ( C:\KRC_OLDINST\KRC\R1\Folgen\cell.src )
    Die Datei wird mittels der Zieldatei konvertiert (DoUpgradeBySourceDest)
    Datei geht an UpgradeCell
    das Fold <Folge starten> wurde gefunden (altes Cell.src)
    das Fold <Folge starten> wurde gefunden (neues Cell.src)
    das neue Cell.src wird montiert ...
    --- Aufruf: NeedUpgrade ( C:\KRC\ROBOTER\KRC\R1\FOLGEN\FOLGE4.SRC ) ---
    Releasekennung ist nicht aktuell
    Datei konvertieren --> [ NeedUpgrade = UpgSource ]
    --- Aufruf: NeedUpgrade ( C:\KRC\ROBOTER\KRC\R1\FOLGEN\FOLGE4.DAT ) ---
    Releasekennung ist nicht aktuell
    Datei konvertieren --> [ NeedUpgrade = UpgSource ]
    --- Aufruf: UpGrade ( C:\KRC_OLDINST\KRC\R1\Folgen\FOLGE4.SRC )
    Die Datei wird nur mittels der Quelldateien (evtl. Vorgabedateien) konvertiert (DoUpgradeBySource)
    Erstelle neue Vorgabedateien ...
    Die Vorgabedatei(en) wurde(n) erfolgreich erstellt
    ... Konvertierung dieser Datei erfolgreich beendet
    Zugriffs-Status wurde gesetzt ( Sichtbar )
    --- Aufruf: NeedUpgrade ( C:\KRC\ROBOTER\KRC\R1\FOLGEN\FOLGE5.SRC ) ---
    Releasekennung ist nicht aktuell
    Datei konvertieren --> [ NeedUpgrade = UpgSource ]
    --- Aufruf: NeedUpgrade ( C:\KRC\ROBOTER\KRC\R1\FOLGEN\FOLGE5.DAT ) ---
    Releasekennung ist nicht aktuell
    Datei konvertieren --> [ NeedUpgrade = UpgSource ]
    --- Aufruf: UpGrade ( C:\KRC_OLDINST\KRC\R1\Folgen\FOLGE5.SRC )
    Die Datei wird nur mittels der Quelldateien (evtl. Vorgabedateien) konvertiert (DoUpgradeBySource)
    Erstelle neue Vorgabedateien ...
    Die Vorgabedatei(en) wurde(n) erfolgreich erstellt
    ... Konvertierung dieser Datei erfolgreich beendet
    Zugriffs-Status wurde gesetzt ( Sichtbar )
    --- Aufruf: NeedUpgrade ( C:\KRC\ROBOTER\KRC\R1\FOLGEN\FOLGE7.SRC ) ---
    Releasekennung ist nicht aktuell
    Datei konvertieren --> [ NeedUpgrade = UpgSource ]
    --- Aufruf: NeedUpgrade ( C:\KRC\ROBOTER\KRC\R1\FOLGEN\FOLGE7.DAT ) ---
    Releasekennung ist nicht aktuell
    Datei konvertieren --> [ NeedUpgrade = UpgSource ]
    --- Aufruf: UpGrade ( C:\KRC_OLDINST\KRC\R1\Folgen\FOLGE7.SRC )
    Die Datei wird nur mittels der Quelldateien (evtl. Vorgabedateien) konvertiert (DoUpgradeBySource)
    Erstelle neue Vorgabedateien ...
    Die Vorgabedatei(en) wurde(n) erfolgreich erstellt
    ... Konvertierung dieser Datei erfolgreich beendet
    Zugriffs-Status wurde gesetzt ( Sichtbar )
    --- Aufruf: NeedUpgrade ( C:\KRC\ROBOTER\KRC\R1\FOLGEN\FOLGE8.SRC ) ---
    Releasekennung ist nicht aktuell
    Datei konvertieren --> [ NeedUpgrade = UpgSource ]
    --- Aufruf: NeedUpgrade ( C:\KRC\ROBOTER\KRC\R1\FOLGEN\FOLGE8.DAT ) ---
    Releasekennung ist nicht aktuell
    Datei konvertieren --> [ NeedUpgrade = UpgSource ]
    --- Aufruf: UpGrade ( C:\KRC_OLDINST\KRC\R1\Folgen\FOLGE8.SRC )
    Die Datei wird nur mittels der Quelldateien (evtl. Vorgabedateien) konvertiert (DoUpgradeBySource)
    Erstelle neue Vorgabedateien ...
    Die Vorgabedatei(en) wurde(n) erfolgreich erstellt
    ... Konvertierung dieser Datei erfolgreich beendet
    Zugriffs-Status wurde gesetzt ( Sichtbar )
    --- Aufruf: NeedUpgrade ( C:\KRC\ROBOTER\KRC\R1\MAKROS\MAKROSAW.SRC ) ---
    Releasekennung ist nicht aktuell
    Datei konvertieren --> [ NeedUpgrade = UpgSource ]
    --- Aufruf: NeedUpgrade ( C:\KRC\ROBOTER\KRC\R1\MAKROS\MAKROSAW.DAT ) ---
    Releasekennung ist nicht aktuell
    Datei konvertieren --> [ NeedUpgrade = UpgSource ]
    --- Aufruf: UpGrade ( C:\KRC_OLDINST\KRC\R1\Makros\Makrosaw.src )
    Die Datei wird nur mittels der Quelldateien (evtl. Vorgabedateien) konvertiert (DoUpgradeBySource)
    Erstelle neue Vorgabedateien ...
    Die Vorgabedatei(en) wurde(n) erfolgreich erstellt
    ... Konvertierung dieser Datei erfolgreich beendet
    --- Aufruf: NeedUpgrade ( C:\KRC\ROBOTER\KRC\R1\MAKROS\MAKROSPS.SRC ) ---
    Releasekennung ist nicht aktuell
    Datei konvertieren --> [ NeedUpgrade = UpgSource ]
    --- Aufruf: NeedUpgrade ( C:\KRC\ROBOTER\KRC\R1\MAKROS\MAKROSPS.DAT ) ---
    Releasekennung ist nicht aktuell
    Datei konvertieren --> [ NeedUpgrade = UpgSource ]
    --- Aufruf: UpGrade ( C:\KRC_OLDINST\KRC\R1\Makros\makrosps.src )
    Die Datei wird nur mittels der Quelldateien (evtl. Vorgabedateien) konvertiert (DoUpgradeBySource)
    Erstelle neue Vorgabedateien ...
    Die Vorgabedatei(en) wurde(n) erfolgreich erstellt
    ... Konvertierung dieser Datei erfolgreich beendet
    --- Aufruf: NeedUpgrade ( C:\KRC\ROBOTER\KRC\R1\MAKROS\MAKRO95.SRC ) ---
    Releasekennung ist nicht aktuell
    Datei konvertieren --> [ NeedUpgrade = UpgSource ]
    --- Aufruf: NeedUpgrade ( C:\KRC\ROBOTER\KRC\R1\MAKROS\MAKRO95.DAT ) ---
    Releasekennung ist nicht aktuell
    Datei konvertieren --> [ NeedUpgrade = UpgSource ]
    --- Aufruf: UpGrade ( C:\KRC_OLDINST\KRC\R1\Makros\MAKRO95.SRC )
    Die Datei wird nur mittels der Quelldateien (evtl. Vorgabedateien) konvertiert (DoUpgradeBySource)
    Erstelle neue Vorgabedateien ...
    Die Vorgabedatei(en) wurde(n) erfolgreich erstellt
    ... Konvertierung dieser Datei erfolgreich beendet
    Zugriffs-Status wurde gesetzt ( Sichtbar )
    --- Aufruf: NeedUpgrade ( C:\KRC\ROBOTER\KRC\R1\MAKROS\MAKRO99.SRC ) ---
    Releasekennung ist nicht aktuell
    Datei konvertieren --> [ NeedUpgrade = UpgSource ]
    --- Aufruf: NeedUpgrade ( C:\KRC\ROBOTER\KRC\R1\MAKROS\MAKRO99.DAT ) ---
    Releasekennung ist nicht aktuell
    Datei konvertieren --> [ NeedUpgrade = UpgSource ]
    --- Aufruf: UpGrade ( C:\KRC_OLDINST\KRC\R1\Makros\MAKRO99.SRC )
    Die Datei wird nur mittels der Quelldateien (evtl. Vorgabedateien) konvertiert (DoUpgradeBySource)
    Erstelle neue Vorgabedateien ...
    Die Vorgabedatei(en) wurde(n) erfolgreich erstellt
    ... Konvertierung dieser Datei erfolgreich beendet
    Zugriffs-Status wurde gesetzt ( Sichtbar )
    --- Aufruf: NeedUpgrade ( C:\KRC\ROBOTER\KRC\R1\MAKROS\MAKRO96.SRC ) ---
    Releasekennung ist nicht aktuell
    Datei konvertieren --> [ NeedUpgrade = UpgSource ]
    --- Aufruf: NeedUpgrade ( C:\KRC\ROBOTER\KRC\R1\MAKROS\MAKRO96.DAT ) ---
    Releasekennung ist nicht aktuell
    Datei konvertieren --> [ NeedUpgrade = UpgSource ]
    --- Aufruf: UpGrade ( C:\KRC_OLDINST\KRC\R1\Makros\MAKRO96.SRC )
    Die Datei wird nur mittels der Quelldateien (evtl. Vorgabedateien) konvertiert (DoUpgradeBySource)
    Erstelle neue Vorgabedateien ...
    Die Vorgabedatei(en) wurde(n) erfolgreich erstellt
    ... Konvertierung dieser Datei erfolgreich beendet
    Zugriffs-Status wurde gesetzt ( Sichtbar )
    --- Aufruf: NeedUpgrade ( C:\KRC\ROBOTER\KRC\R1\MAKROS\MAKRO4.SRC ) ---
    Releasekennung ist nicht aktuell
    Datei konvertieren --> [ NeedUpgrade = UpgSource ]
    --- Aufruf: NeedUpgrade ( C:\KRC\ROBOTER\KRC\R1\MAKROS\MAKRO4.DAT ) ---
    Releasekennung ist nicht aktuell
    Datei konvertieren --> [ NeedUpgrade = UpgSource ]
    --- Aufruf: UpGrade ( C:\KRC_OLDINST\KRC\R1\Makros\MAKRO4.SRC )
    Die Datei wird nur mittels der Quelldateien (evtl. Vorgabedateien) konvertiert (DoUpgradeBySource)
    Erstelle neue Vorgabedateien ...
    Die Vorgabedatei(en) wurde(n) erfolgreich erstellt
    ... Konvertierung dieser Datei erfolgreich beendet
    Zugriffs-Status wurde gesetzt ( Sichtbar )
    --- Aufruf: NeedUpgrade ( C:\KRC\ROBOTER\KRC\R1\MAKROS\MAKRO86.SRC ) ---
    Releasekennung ist nicht aktuell
    Datei konvertieren --> [ NeedUpgrade = UpgSource ]
    --- Aufruf: NeedUpgrade ( C:\KRC\ROBOTER\KRC\R1\MAKROS\MAKRO86.DAT ) ---
    Releasekennung ist nicht aktuell
    Datei konvertieren --> [ NeedUpgrade = UpgSource ]
    --- Aufruf: UpGrade ( C:\KRC_OLDINST\KRC\R1\Makros\MAKRO86.SRC )
    Die Datei wird nur mittels der Quelldateien (evtl. Vorgabedateien) konvertiert (DoUpgradeBySource)
    Erstelle neue Vorgabedateien ...
    Die Vorgabedatei(en) wurde(n) erfolgreich erstellt
    ... Konvertierung dieser Datei erfolgreich beendet
    Zugriffs-Status wurde gesetzt ( Sichtbar )
    --- Aufruf: NeedUpgrade ( C:\KRC\ROBOTER\KRC\R1\MAKROS\MAKRO82.SRC ) ---
    Releasekennung ist nicht aktuell
    Datei konvertieren --> [ NeedUpgrade = UpgSource ]
    --- Aufruf: NeedUpgrade ( C:\KRC\ROBOTER\KRC\R1\MAKROS\MAKRO82.DAT ) ---
    Releasekennung ist nicht aktuell
    Datei konvertieren --> [ NeedUpgrade = UpgSource ]
    --- Aufruf: UpGrade ( C:\KRC_OLDINST\KRC\R1\Makros\MAKRO82.SRC )
    Die Datei wird nur mittels der Quelldateien (evtl. Vorgabedateien) konvertiert (DoUpgradeBySource)
    Erstelle neue Vorgabedateien ...
    Die Vorgabedatei(en) wurde(n) erfolgreich erstellt
    ... Konvertierung dieser Datei erfolgreich beendet
    Zugriffs-Status wurde gesetzt ( Sichtbar )
    --- Aufruf: NeedUpgrade ( C:\KRC\ROBOTER\KRC\R1\MAKROS\MAKRO81.SRC ) ---
    Releasekennung ist nicht aktuell
    Datei konvertieren --> [ NeedUpgrade = UpgSource ]
    --- Aufruf: NeedUpgrade ( C:\KRC\ROBOTER\KRC\R1\MAKROS\MAKRO81.DAT ) ---
    Releasekennung ist nicht aktuell
    Datei konvertieren --> [ NeedUpgrade = UpgSource ]
    --- Aufruf: UpGrade ( C:\KRC_OLDINST\KRC\R1\Makros\MAKRO81.SRC )
    Die Datei wird nur mittels der Quelldateien (evtl. Vorgabedateien) konvertiert (DoUpgradeBySource)
    Erstelle neue Vorgabedateien ...
    Die Vorgabedatei(en) wurde(n) erfolgreich erstellt
    ... Konvertierung dieser Datei erfolgreich beendet
    Zugriffs-Status wurde gesetzt ( Sichtbar )
    --- Aufruf: NeedUpgrade ( C:\KRC\ROBOTER\KRC\R1\MAKROS\MAKRO80.SRC ) ---
    Releasekennung ist nicht aktuell
    Datei konvertieren --> [ NeedUpgrade = UpgSource ]
    --- Aufruf: NeedUpgrade ( C:\KRC\ROBOTER\KRC\R1\MAKROS\MAKRO80.DAT ) ---
    Releasekennung ist nicht aktuell
    Datei konvertieren --> [ NeedUpgrade = UpgSource ]
    --- Aufruf: UpGrade ( C:\KRC_OLDINST\KRC\R1\Makros\MAKRO80.SRC )
    Die Datei wird nur mittels der Quelldateien (evtl. Vorgabedateien) konvertiert (DoUpgradeBySource)
    Erstelle neue Vorgabedateien ...
    Die Vorgabedatei(en) wurde(n) erfolgreich erstellt
    ... Konvertierung dieser Datei erfolgreich beendet
    Zugriffs-Status wurde gesetzt ( Sichtbar )
    --- Aufruf: NeedUpgrade ( C:\KRC\ROBOTER\KRC\R1\MAKROS\MAKRO77.SRC ) ---
    Releasekennung ist nicht aktuell
    Datei konvertieren --> [ NeedUpgrade = UpgSource ]
    --- Aufruf: NeedUpgrade ( C:\KRC\ROBOTER\KRC\R1\MAKROS\MAKRO77.DAT ) ---
    Releasekennung ist nicht aktuell
    Datei konvertieren --> [ NeedUpgrade = UpgSource ]
    --- Aufruf: UpGrade ( C:\KRC_OLDINST\KRC\R1\Makros\MAKRO77.SRC )
    Die Datei wird nur mittels der Quelldateien (evtl. Vorgabedateien) konvertiert (DoUpgradeBySource)
    Erstelle neue Vorgabedateien ...
    Die Vorgabedatei(en) wurde(n) erfolgreich erstellt
    ... Konvertierung dieser Datei erfolgreich beendet
    Zugriffs-Status wurde gesetzt ( Sichtbar )
    --- Aufruf: NeedUpgrade ( C:\KRC\ROBOTER\KRC\R1\MAKROS\MAKRO76.SRC ) ---
    Releasekennung ist nicht aktuell
    Datei konvertieren --> [ NeedUpgrade = UpgSource ]
    --- Aufruf: NeedUpgrade ( C:\KRC\ROBOTER\KRC\R1\MAKROS\MAKRO76.DAT ) ---
    Releasekennung ist nicht aktuell
    Datei konvertieren --> [ NeedUpgrade = UpgSource ]
    --- Aufruf: UpGrade ( C:\KRC_OLDINST\KRC\R1\Makros\MAKRO76.SRC )
    Die Datei wird nur mittels der Quelldateien (evtl. Vorgabedateien) konvertiert (DoUpgradeBySource)
    Erstelle neue Vorgabedateien ...
    Die Vorgabedatei(en) wurde(n) erfolgreich erstellt
    ... Konvertierung dieser Datei erfolgreich beendet
    Zugriffs-Status wurde gesetzt ( Sichtbar )
    --- Aufruf: NeedUpgrade ( C:\KRC\ROBOTER\KRC\R1\MAKROS\MAKRO75.SRC ) ---
    Releasekennung ist nicht aktuell
    Datei konvertieren --> [ NeedUpgrade = UpgSource ]
    --- Aufruf: NeedUpgrade ( C:\KRC\ROBOTER\KRC\R1\MAKROS\MAKRO75.DAT ) ---
    Releasekennung ist nicht aktuell
    Datei konvertieren --> [ NeedUpgrade = UpgSource ]
    --- Aufruf: UpGrade ( C:\KRC_OLDINST\KRC\R1\Makros\MAKRO75.SRC )
    Die Datei wird nur mittels der Quelldateien (evtl. Vorgabedateien) konvertiert (DoUpgradeBySource)
    Erstelle neue Vorgabedateien ...
    Die Vorgabedatei(en) wurde(n) erfolgreich erstellt
    ... Konvertierung dieser Datei erfolgreich beendet
    Zugriffs-Status wurde gesetzt ( Sichtbar )
    --- Aufruf: NeedUpgrade ( C:\KRC\ROBOTER\KRC\R1\MAKROS\MAKRO74.SRC ) ---
    Releasekennung ist nicht aktuell
    Datei konvertieren --> [ NeedUpgrade = UpgSource ]
    --- Aufruf: NeedUpgrade ( C:\KRC\ROBOTER\KRC\R1\MAKROS\MAKRO74.DAT ) ---
    Releasekennung ist nicht aktuell
    Datei konvertieren --> [ NeedUpgrade = UpgSource ]
    --- Aufruf: UpGrade ( C:\KRC_OLDINST\KRC\R1\Makros\MAKRO74.SRC )
    Die Datei wird nur mittels der Quelldateien (evtl. Vorgabedateien) konvertiert (DoUpgradeBySource)
    Erstelle neue Vorgabedateien ...
    Die Vorgabedatei(en) wurde(n) erfolgreich erstellt
    ... Konvertierung dieser Datei erfolgreich beendet
    Zugriffs-Status wurde gesetzt ( Sichtbar )
    --- Aufruf: NeedUpgrade ( C:\KRC\ROBOTER\KRC\R1\MAKROS\MAKRO73.SRC ) ---
    Releasekennung ist nicht aktuell
    Datei konvertieren --> [ NeedUpgrade = UpgSource ]
    --- Aufruf: NeedUpgrade ( C:\KRC\ROBOTER\KRC\R1\MAKROS\MAKRO73.DAT ) ---
    Releasekennung ist nicht aktuell
    Datei konvertieren --> [ NeedUpgrade = UpgSource ]
    --- Aufruf: UpGrade ( C:\KRC_OLDINST\KRC\R1\Makros\MAKRO73.SRC )
    Die Datei wird nur mittels der Quelldateien (evtl. Vorgabedateien) konvertiert (DoUpgradeBySource)
    Erstelle neue Vorgabedateien ...
    Die Vorgabedatei(en) wurde(n) erfolgreich erstellt
    ... Konvertierung dieser Datei erfolgreich beendet
    Zugriffs-Status wurde gesetzt ( Sichtbar )
    --- Aufruf: NeedUpgrade ( C:\KRC\ROBOTER\KRC\R1\MAKROS\MAKRO72.SRC ) ---
    Releasekennung ist nicht aktuell
    Datei konvertieren --> [ NeedUpgrade = UpgSource ]
    --- Aufruf: NeedUpgrade ( C:\KRC\ROBOTER\KRC\R1\MAKROS\MAKRO72.DAT ) ---
    Releasekennung ist nicht aktuell
    Datei konvertieren --> [ NeedUpgrade = UpgSource ]
    --- Aufruf: UpGrade ( C:\KRC_OLDINST\KRC\R1\Makros\MAKRO72.SRC )
    Die Datei wird nur mittels der Quelldateien (evtl. Vorgabedateien) konvertiert (DoUpgradeBySource)
    Erstelle neue Vorgabedateien ...
    Die Vorgabedatei(en) wurde(n) erfolgreich erstellt
    ... Konvertierung dieser Datei erfolgreich beendet
    Zugriffs-Status wurde gesetzt ( Sichtbar )
    --- Aufruf: NeedUpgrade ( C:\KRC\ROBOTER\KRC\R1\MAKROS\MAKRO71.SRC ) ---
    Releasekennung ist nicht aktuell
    Datei konvertieren --> [ NeedUpgrade = UpgSource ]
    --- Aufruf: NeedUpgrade ( C:\KRC\ROBOTER\KRC\R1\MAKROS\MAKRO71.DAT ) ---
    Releasekennung ist nicht aktuell
    Datei konvertieren --> [ NeedUpgrade = UpgSource ]
    --- Aufruf: UpGrade ( C:\KRC_OLDINST\KRC\R1\Makros\MAKRO71.SRC )
    Die Datei wird nur mittels der Quelldateien (evtl. Vorgabedateien) konvertiert (DoUpgradeBySource)
    Erstelle neue Vorgabedateien ...
    Die Vorgabedatei(en) wurde(n) erfolgreich erstellt
    ... Konvertierung dieser Datei erfolgreich beendet
    Zugriffs-Status wurde gesetzt ( Sichtbar )
    --- Aufruf: NeedUpgrade ( C:\KRC\ROBOTER\KRC\R1\MAKROS\MAKRO54.SRC ) ---
    Releasekennung ist nicht aktuell
    Datei konvertieren --> [ NeedUpgrade = UpgSource ]
    --- Aufruf: NeedUpgrade ( C:\KRC\ROBOTER\KRC\R1\MAKROS\MAKRO54.DAT ) ---
    Releasekennung ist nicht aktuell
    Datei konvertieren --> [ NeedUpgrade = UpgSource ]
    --- Aufruf: UpGrade ( C:\KRC_OLDINST\KRC\R1\Makros\MAKRO54.SRC )
    Die Datei wird nur mittels der Quelldateien (evtl. Vorgabedateien) konvertiert (DoUpgradeBySource)
    Erstelle neue Vorgabedateien ...
    Die Vorgabedatei(en) wurde(n) erfolgreich erstellt
    ... Konvertierung dieser Datei erfolgreich beendet
    Zugriffs-Status wurde gesetzt ( Sichtbar )
    --- Aufruf: NeedUpgrade ( C:\KRC\ROBOTER\KRC\R1\MAKROS\MAKRO40.SRC ) ---
    Releasekennung ist nicht aktuell
    Datei konvertieren --> [ NeedUpgrade = UpgSource ]
    --- Aufruf: NeedUpgrade ( C:\KRC\ROBOTER\KRC\R1\MAKROS\MAKRO40.DAT ) ---
    Releasekennung ist nicht aktuell
    Datei konvertieren --> [ NeedUpgrade = UpgSource ]
    --- Aufruf: UpGrade ( C:\KRC_OLDINST\KRC\R1\Makros\MAKRO40.SRC )
    Die Datei wird nur mittels der Quelldateien (evtl. Vorgabedateien) konvertiert (DoUpgradeBySource)
    Erstelle neue Vorgabedateien ...
    Die Vorgabedatei(en) wurde(n) erfolgreich erstellt
    ... Konvertierung dieser Datei erfolgreich beendet
    Zugriffs-Status wurde gesetzt ( Sichtbar )
    --- Aufruf: NeedUpgrade ( C:\KRC\ROBOTER\KRC\R1\MAKROS\MAKRO3.SRC ) ---
    Releasekennung ist nicht aktuell
    Datei konvertieren --> [ NeedUpgrade = UpgSource ]
    --- Aufruf: NeedUpgrade ( C:\KRC\ROBOTER\KRC\R1\MAKROS\MAKRO3.DAT ) ---
    Releasekennung ist nicht aktuell
    Datei konvertieren --> [ NeedUpgrade = UpgSource ]
    --- Aufruf: UpGrade ( C:\KRC_OLDINST\KRC\R1\Makros\MAKRO3.SRC )
    Die Datei wird nur mittels der Quelldateien (evtl. Vorgabedateien) konvertiert (DoUpgradeBySource)
    Erstelle neue Vorgabedateien ...
    Die Vorgabedatei(en) wurde(n) erfolgreich erstellt
    ... Konvertierung dieser Datei erfolgreich beendet
    Zugriffs-Status wurde gesetzt ( Sichtbar )
    --- Aufruf: NeedUpgrade ( C:\KRC\ROBOTER\KRC\R1\MAKROS\MAKRO210.SRC ) ---
    Releasekennung ist nicht aktuell
    Datei konvertieren --> [ NeedUpgrade = UpgSource ]
    --- Aufruf: NeedUpgrade ( C:\KRC\ROBOTER\KRC\R1\MAKROS\MAKRO210.DAT ) ---
    Releasekennung ist nicht aktuell
    Datei konvertieren --> [ NeedUpgrade = UpgSource ]
    --- Aufruf: UpGrade ( C:\KRC_OLDINST\KRC\R1\Makros\MAKRO210.SRC )
    Die Datei wird nur mittels der Quelldateien (evtl. Vorgabedateien) konvertiert (DoUpgradeBySource)
    Erstelle neue Vorgabedateien ...
    Die Vorgabedatei(en) wurde(n) erfolgreich erstellt
    ... Konvertierung dieser Datei erfolgreich beendet
    Zugriffs-Status wurde gesetzt ( Sichtbar )
    --- Aufruf: NeedUpgrade ( C:\KRC\ROBOTER\KRC\R1\MAKROS\MAKRO21.SRC ) ---
    Releasekennung ist nicht aktuell
    Datei konvertieren --> [ NeedUpgrade = UpgSource ]
    --- Aufruf: NeedUpgrade ( C:\KRC\ROBOTER\KRC\R1\MAKROS\MAKRO21.DAT ) ---
    Releasekennung ist nicht aktuell
    Datei konvertieren --> [ NeedUpgrade = UpgSource ]
    --- Aufruf: UpGrade ( C:\KRC_OLDINST\KRC\R1\Makros\MAKRO21.SRC )
    Die Datei wird nur mittels der Quelldateien (evtl. Vorgabedateien) konvertiert (DoUpgradeBySource)
    Erstelle neue Vorgabedateien ...
    Die Vorgabedatei(en) wurde(n) erfolgreich erstellt
    ... Konvertierung dieser Datei erfolgreich beendet
    Zugriffs-Status wurde gesetzt ( Sichtbar )
    --- Aufruf: NeedUpgrade ( C:\KRC\ROBOTER\KRC\R1\MAKROS\MAKRO207.SRC ) ---
    Releasekennung ist nicht aktuell
    Datei konvertieren --> [ NeedUpgrade = UpgSource ]
    --- Aufruf: NeedUpgrade ( C:\KRC\ROBOTER\KRC\R1\MAKROS\MAKRO207.DAT ) ---
    Releasekennung ist nicht aktuell
    Datei konvertieren --> [ NeedUpgrade = UpgSource ]
    --- Aufruf: UpGrade ( C:\KRC_OLDINST\KRC\R1\Makros\MAKRO207.SRC )
    Die Datei wird nur mittels der Quelldateien (evtl. Vorgabedateien) konvertiert (DoUpgradeBySource)
    Erstelle neue Vorgabedateien ...
    Die Vorgabedatei(en) wurde(n) erfolgreich erstellt
    ... Konvertierung dieser Datei erfolgreich beendet
    Zugriffs-Status wurde gesetzt ( Sichtbar )
    --- Aufruf: NeedUpgrade ( C:\KRC\ROBOTER\KRC\R1\MAKROS\MAKRO201.SRC ) ---
    Releasekennung ist nicht aktuell
    Datei konvertieren --> [ NeedUpgrade = UpgSource ]
    --- Aufruf: NeedUpgrade ( C:\KRC\ROBOTER\KRC\R1\MAKROS\MAKRO201.DAT ) ---
    Releasekennung ist nicht aktuell
    Datei konvertieren --> [ NeedUpgrade = UpgSource ]
    --- Aufruf: UpGrade ( C:\KRC_OLDINST\KRC\R1\Makros\MAKRO201.SRC )
    Die Datei wird nur mittels der Quelldateien (evtl. Vorgabedateien) konvertiert (DoUpgradeBySource)
    Erstelle neue Vorgabedateien ...
    Die Vorgabedatei(en) wurde(n) erfolgreich erstellt
    ... Konvertierung dieser Datei erfolgreich beendet
    Zugriffs-Status wurde gesetzt ( Sichtbar )
    --- Aufruf: NeedUpgrade ( C:\KRC\ROBOTER\KRC\R1\MAKROS\MAKRO200.SRC ) ---
    Releasekennung ist nicht aktuell
    Datei konvertieren --> [ NeedUpgrade = UpgSource ]
    --- Aufruf: NeedUpgrade ( C:\KRC\ROBOTER\KRC\R1\MAKROS\MAKRO200.DAT ) ---
    Releasekennung ist nicht aktuell
    Datei konvertieren --> [ NeedUpgrade = UpgSource ]
    --- Aufruf: UpGrade ( C:\KRC_OLDINST\KRC\R1\Makros\MAKRO200.SRC )
    Die Datei wird nur mittels der Quelldateien (evtl. Vorgabedateien) konvertiert (DoUpgradeBySource)
    Erstelle neue Vorgabedateien ...
    Die Vorgabedatei(en) wurde(n) erfolgreich erstellt
    ... Konvertierung dieser Datei erfolgreich beendet
    Zugriffs-Status wurde gesetzt ( Sichtbar )
    --- Aufruf: NeedUpgrade ( C:\KRC\ROBOTER\KRC\R1\MAKROS\MAKRO20.SRC ) ---
    Releasekennung ist nicht aktuell
    Datei konvertieren --> [ NeedUpgrade = UpgSource ]
    --- Aufruf: NeedUpgrade ( C:\KRC\ROBOTER\KRC\R1\MAKROS\MAKRO20.DAT ) ---
    Releasekennung ist nicht aktuell
    Datei konvertieren --> [ NeedUpgrade = UpgSource ]
    --- Aufruf: UpGrade ( C:\KRC_OLDINST\KRC\R1\Makros\MAKRO20.SRC )
    Die Datei wird nur mittels der Quelldateien (evtl. Vorgabedateien) konvertiert (DoUpgradeBySource)
    Erstelle neue Vorgabedateien ...
    Die Vorgabedatei(en) wurde(n) erfolgreich erstellt
    ... Konvertierung dieser Datei erfolgreich beendet
    Zugriffs-Status wurde gesetzt ( Sichtbar )
    --- Aufruf: NeedUpgrade ( C:\KRC\ROBOTER\KRC\R1\MAKROS\MAKRO2.SRC ) ---
    Releasekennung ist nicht aktuell
    Datei konvertieren --> [ NeedUpgrade = UpgSource ]
    --- Aufruf: NeedUpgrade ( C:\KRC\ROBOTER\KRC\R1\MAKROS\MAKRO2.DAT ) ---
    Releasekennung ist nicht aktuell
    Datei konvertieren --> [ NeedUpgrade = UpgSource ]
    --- Aufruf: UpGrade ( C:\KRC_OLDINST\KRC\R1\Makros\MAKRO2.SRC )
    Die Datei wird nur mittels der Quelldateien (evtl. Vorgabedateien) konvertiert (DoUpgradeBySource)
    Erstelle neue Vorgabedateien ...
    Die Vorgabedatei(en) wurde(n) erfolgreich erstellt
    ... Konvertierung dieser Datei erfolgreich beendet
    Zugriffs-Status wurde gesetzt ( Sichtbar )
    --- Aufruf: NeedUpgrade ( C:\KRC\ROBOTER\KRC\R1\MAKROS\MAKRO199.SRC ) ---
    Releasekennung ist nicht aktuell
    Datei konvertieren --> [ NeedUpgrade = UpgSource ]
    --- Aufruf: NeedUpgrade ( C:\KRC\ROBOTER\KRC\R1\MAKROS\MAKRO199.DAT ) ---
    Releasekennung ist nicht aktuell
    Datei konvertieren --> [ NeedUpgrade = UpgSource ]
    --- Aufruf: UpGrade ( C:\KRC_OLDINST\KRC\R1\Makros\MAKRO199.SRC )
    Die Datei wird nur mittels der Quelldateien (evtl. Vorgabedateien) konvertiert (DoUpgradeBySource)
    Erstelle neue Vorgabedateien ...
    Die Vorgabedatei(en) wurde(n) erfolgreich erstellt
    ... Konvertierung dieser Datei erfolgreich beendet
    Zugriffs-Status wurde gesetzt ( Sichtbar )
    --- Aufruf: NeedUpgrade ( C:\KRC\ROBOTER\KRC\R1\MAKROS\MAKRO102.SRC ) ---
    Releasekennung ist nicht aktuell
    Datei konvertieren --> [ NeedUpgrade = UpgSource ]
    --- Aufruf: NeedUpgrade ( C:\KRC\ROBOTER\KRC\R1\MAKROS\MAKRO102.DAT ) ---
    Releasekennung ist nicht aktuell
    Datei konvertieren --> [ NeedUpgrade = UpgSource ]
    --- Aufruf: UpGrade ( C:\KRC_OLDINST\KRC\R1\Makros\MAKRO102.SRC )
    Die Datei wird nur mittels der Quelldateien (evtl. Vorgabedateien) konvertiert (DoUpgradeBySource)
    Erstelle neue Vorgabedateien ...
    Die Vorgabedatei(en) wurde(n) erfolgreich erstellt
    ... Konvertierung dieser Datei erfolgreich beendet
    Zugriffs-Status wurde gesetzt ( Sichtbar )
    --- Aufruf: NeedUpgrade ( C:\KRC\ROBOTER\KRC\R1\MAKROS\MAKRO1.SRC ) ---
    Releasekennung ist nicht aktuell
    Datei konvertieren --> [ NeedUpgrade = UpgSource ]
    --- Aufruf: NeedUpgrade ( C:\KRC\ROBOTER\KRC\R1\MAKROS\MAKRO1.DAT ) ---
    Releasekennung ist nicht aktuell
    Datei konvertieren --> [ NeedUpgrade = UpgSource ]
    --- Aufruf: UpGrade ( C:\KRC_OLDINST\KRC\R1\Makros\MAKRO1.SRC )
    Die Datei wird nur mittels der Quelldateien (evtl. Vorgabedateien) konvertiert (DoUpgradeBySource)
    Erstelle neue Vorgabedateien ...
    Die Vorgabedatei(en) wurde(n) erfolgreich erstellt
    ... Konvertierung dieser Datei erfolgreich beendet
    Zugriffs-Status wurde gesetzt ( Sichtbar )
    --- Aufruf: NeedUpgrade ( C:\KRC\ROBOTER\KRC\R1\MAKROS\MAKRO0.SRC ) ---
    Releasekennung ist nicht aktuell
    Datei konvertieren --> [ NeedUpgrade = UpgSource ]
    --- Aufruf: NeedUpgrade ( C:\KRC\ROBOTER\KRC\R1\MAKROS\MAKRO0.DAT ) ---
    Releasekennung ist nicht aktuell
    Datei konvertieren --> [ NeedUpgrade = UpgSource ]
    --- Aufruf: UpGrade ( C:\KRC_OLDINST\KRC\R1\Makros\MAKRO0.SRC )
    Die Datei wird nur mittels der Quelldateien (evtl. Vorgabedateien) konvertiert (DoUpgradeBySource)
    Erstelle neue Vorgabedateien ...
    Die Vorgabedatei(en) wurde(n) erfolgreich erstellt
    ... Konvertierung dieser Datei erfolgreich beendet
    Zugriffs-Status wurde gesetzt ( Sichtbar )
    --- Aufruf: NeedUpgrade ( C:\KRC\ROBOTER\KRC\R1\MAKROS\MAKRO204.SRC ) ---
    Releasekennung ist nicht aktuell
    Datei konvertieren --> [ NeedUpgrade = UpgSource ]
    --- Aufruf: NeedUpgrade ( C:\KRC\ROBOTER\KRC\R1\MAKROS\MAKRO204.DAT ) ---
    Releasekennung ist nicht aktuell
    Datei konvertieren --> [ NeedUpgrade = UpgSource ]
    --- Aufruf: UpGrade ( C:\KRC_OLDINST\KRC\R1\Makros\MAKRO204.SRC )
    Die Datei wird nur mittels der Quelldateien (evtl. Vorgabedateien) konvertiert (DoUpgradeBySource)
    Erstelle neue Vorgabedateien ...
    Die Vorgabedatei(en) wurde(n) erfolgreich erstellt
    ... Konvertierung dieser Datei erfolgreich beendet
    Zugriffs-Status wurde gesetzt ( Sichtbar )
    --- Aufruf: NeedUpgrade ( C:\KRC\ROBOTER\KRC\R1\SYSTEM\$CONFIG.SRC ) ---
    Releasekennung ist nicht aktuell
    Datei mit Ziel konvertieren --> [ NeedUpgrade = UpgSourceDest ]
    --- Aufruf: NeedUpgrade ( C:\KRC\ROBOTER\KRC\R1\SYSTEM\$CONFIG.DAT ) ---
    Releasekennung ist nicht aktuell
    Datei mit Ziel konvertieren --> [ NeedUpgrade = UpgSourceDest ]
    --- Aufruf: UpGrade ( C:\KRC_OLDINST\KRC\R1\System\$config.dat )
    Die Datei wird mittels der Zieldatei konvertiert (DoUpgradeBySourceDest)
    Datei geht an UpgradeConfig
    neu zugewiesen:  DECL PDAT PDAT0={TOOL_NO 1,BASE_NO 0,VEL 100.0,ACC 100.0,APO_DIST 100.0}
    neu zugewiesen:  DECL LDAT LDAT0={TOOL_NO 1,BASE_NO 0,VEL 1.75,ACC 100.0,APO_DIST 100.0,APO_FAC 50.0}
    neu zugewiesen:  DECL ODAT ODAT0={OUT_NO 1,STATE TRUE,PULSE_TIME 0.0,OUT_MODE #STOP_,TIME_DELAY 0.0,OFFSET 0.0}
    neu zugewiesen:  DECL PDAT PDAT_ACT={TOOL_NO 1,BASE_NO 0,APO_DIST 100.0}
    neu zugewiesen:  DECL LDAT LDAT_ACT={TOOL_NO 1,BASE_NO 0,APO_DIST 100.0,APO_FAC 50.0}
    neu zugewiesen:  DECL ODAT ODAT_ACT={OUT_NO 1,STATE TRUE,PULSE_TIME 0.0,OUT_MODE #STOP_,TIME_DELAY 0.0,OFFSET 0.0}
    neu zugewiesen:  DECL FDAT FDEFAULT={TOOL_NO 1,BASE_NO 0,IPO_FRAME #BASE}
    neu zugewiesen:  DECL FDAT FHOME={TOOL_NO 1,BASE_NO 0,IPO_FRAME #BASE}
    neu zugewiesen:  DECL FDAT FDAT_ACT={TOOL_NO 1,BASE_NO 0,IPO_FRAME #BASE}
    neu zugewiesen:  INT COMPL_GROUP='B0001'
    neu zugewiesen:  DEF_GROUP[1]='B1111'  ; complete
    neu zugewiesen:  DEF_GROUP[2]='B0001'  ; robot only
    neu zugewiesen:  DEF_GROUP[3]='B0011'  ; robot and track
    neu zugewiesen:  DEF_GROUP[4]='B0111'  ; robot, track and ext. axis2
    neu zugewiesen:  DEF_GROUP[5]='B1011'  ; robot, track and ext. axis3
    neu zugewiesen:  DEF_GROUP[6]='B1111'  ; robot, track and ext. axis2+3
    neu zugewiesen:  DEF_GROUP[7]='B1111'  ; complete
    neu zugewiesen:  DEF_GROUP[8]='B1111'  ; complete
    neu zugewiesen:  DEF_GROUP[9]='B1111'  ; complete
    neu zugewiesen:  DEF_GROUP[10]='B1111'  ; complete
    neu zugewiesen:  GROUP_NAME[1,]="complete"
    neu zugewiesen:  GROUP_NAME[2,]="robot only"
    neu zugewiesen:  GROUP_NAME[3,]="robot and track"
    neu zugewiesen:  GROUP_NAME[4,]="robot,track and tblA"
    neu zugewiesen:  GROUP_NAME[5,]="robot,track and tblB"
    neu zugewiesen:  GROUP_NAME[6,]="complete"
    neu zugewiesen:  GROUP_NAME[7,]="complete"
    neu zugewiesen:  GROUP_NAME[8,]="complete"
    neu zugewiesen:  GROUP_NAME[9,]="complete"
    neu zugewiesen:  GROUP_NAME[10,]="complete"
    neu zugewiesen:  INT $ACT_GROUP='B0001'
    neu zugewiesen:  WAIT_MESS[]=" "
    neu zugewiesen:  BOOL SIMU_KEY=FALSE
    neu zugewiesen:  INT DEF_OV_PRO=100
    neu zugewiesen:  INT DEF_ADVANCE=1
    neu zugewiesen:  INT DEF_VEL_PTP=100
    neu zugewiesen:  INT DEF_ACC_PTP=50
    neu zugewiesen:  REAL DEF_VEL_CP=2.0
    neu zugewiesen:  REAL DEF_VEL_ORI1=200.0
    neu zugewiesen:  REAL DEF_VEL_ORI2=200.0
    neu zugewiesen:  REAL DEF_ACC_CP=2.29999995
    neu zugewiesen:  REAL DEF_ACC_ORI1=100.0
    neu zugewiesen:  REAL DEF_ACC_ORI2=100.0
    neu zugewiesen:  REAL DEF_VEL_FACT=1.0
    neu zugewiesen:  BOOL NO_MPARA_ASSIGN=FALSE
    neu zugewiesen:  DECL CIRC_TYPE DEF_CIRC_TYPE=#BASE
    neu zugewiesen:  E6AXIS HOME={a1 0.0,a2 -90.0,a3 90.0,a4 0.0,a5 0.0,a6 0.0,e1 0.0,e2 0.0,e3 0.0,e4 0.0,e5 0.0,e6 0.0}
    neu zugewiesen:  REF_PT[1]={x 1960.93359,y -184.590836,z 1578.78198,a 139.133911,b 42.8393021,c 131.00502}
    neu zugewiesen:  REF_PT[2]={x 0.0,y 0.0,z 0.0,a 0.0,b 0.0,c 0.0}
    neu zugewiesen:  REF_PT[3]={x 0.0,y 0.0,z 0.0,a 0.0,b 0.0,c 0.0}
    neu zugewiesen:  REF_PT[4]={x 0.0,y 0.0,z 0.0,a 0.0,b 0.0,c 0.0}
    neu zugewiesen:  REF_PT[5]={x 0.0,y 0.0,z 0.0,a 0.0,b 0.0,c 0.0}
    neu zugewiesen:  REF_PT[6]={x 0.0,y 0.0,z 0.0,a 0.0,b 0.0,c 0.0}
    neu zugewiesen:  REF_PT[7]={x 0.0,y 0.0,z 0.0,a 0.0,b 0.0,c 0.0}
    neu zugewiesen:  REF_PT[8]={x 0.0,y 0.0,z 0.0,a 0.0,b 0.0,c 0.0}
    neu zugewiesen:  REF_PT[9]={x 0.0,y 0.0,z 0.0,a 0.0,b 0.0,c 0.0}
    neu zugewiesen:  REF_PT[10]={x 2131.31299,y -338.20874,z 1350.24573,a 30.2450657,b 11.3389235,c 109.445892}
    neu zugewiesen:  REF_PT[11]={x 0.0,y 0.0,z 0.0,a 0.0,b 0.0,c 0.0}
    neu zugewiesen:  REF_PT[12]={x 0.0,y 0.0,z 0.0,a 0.0,b 0.0,c 0.0}
    neu zugewiesen:  REF_PT[13]={x 0.0,y 0.0,z 0.0,a 0.0,b 0.0,c 0.0}
    neu zugewiesen:  REF_PT[14]={x 0.0,y 0.0,z 0.0,a 0.0,b 0.0,c 0.0}
    neu zugewiesen:  REF_PT[15]={x 0.0,y 0.0,z 0.0,a 0.0,b 0.0,c 0.0}
    neu zugewiesen:  REF_PT[16]={x 0.0,y 0.0,z 0.0,a 0.0,b 0.0,c 0.0}
    neu zugewiesen:  FRAME REF_TOOL={x 0.0,y 0.0,z 0.0,a 0.0,b 0.0,c 0.0}
    neu zugewiesen:  INT MAX_TOOL=16
    neu zugewiesen:  TOOL_NAME[1,]="T1"
    neu zugewiesen:  TOOL_NAME[2,]="T2"
    neu zugewiesen:  TOOL_NAME[3,]="T3"
    neu zugewiesen:  TOOL_NAME[4,]="T4"
    neu zugewiesen:  TOOL_NAME[5,]="T5"
    neu zugewiesen:  TOOL_NAME[6,]="T6"
    neu zugewiesen:  TOOL_NAME[7,]="T7"
    neu zugewiesen:  TOOL_NAME[8,]="T8"
    neu zugewiesen:  TOOL_NAME[9,]="T9"
    neu zugewiesen:  TOOL_NAME[10,]="T10"
    neu zugewiesen:  TOOL_NAME[11,]="T11"
    neu zugewiesen:  TOOL_NAME[12,]="T12"
    neu zugewiesen:  TOOL_NAME[13,]="T13"
    neu zugewiesen:  TOOL_NAME[14,]="T14"
    neu zugewiesen:  TOOL_NAME[15,]="T15"
    neu zugewiesen:  TOOL_NAME[16,]="T16"
    neu zugewiesen:  TOOL_DATA[1]={x 440.339111,y -0.597837985,z 530.674927,a -180.0,b 15.0,c 0.0}
    neu zugewiesen:  TOOL_DATA[2]={x 0.0,y 0.0,z 0.0,a 0.0,b 0.0,c 0.0}
    neu zugewiesen:  TOOL_DATA[3]={x 0.0,y 0.0,z 0.0,a 0.0,b 0.0,c 0.0}
    neu zugewiesen:  TOOL_DATA[4]={x 0.0,y 0.0,z 0.0,a 0.0,b 0.0,c 0.0}
    neu zugewiesen:  TOOL_DATA[5]={x 0.0,y 0.0,z 0.0,a 0.0,b 0.0,c 0.0}
    neu zugewiesen:  TOOL_DATA[6]={x 0.0,y 0.0,z 0.0,a 0.0,b 0.0,c 0.0}
    neu zugewiesen:  TOOL_DATA[7]={x 0.0,y 0.0,z 0.0,a 0.0,b 0.0,c 0.0}
    neu zugewiesen:  TOOL_DATA[8]={x 0.0,y 0.0,z 0.0,a 0.0,b 0.0,c 0.0}
    neu zugewiesen:  TOOL_DATA[9]={x 0.0,y 0.0,z 0.0,a 0.0,b 0.0,c 0.0}
    neu zugewiesen:  TOOL_DATA[10]={x 911.911438,y -26.2439861,z 607.04303,a 0.0,b 0.0,c 0.0}
    neu zugewiesen:  TOOL_DATA[11]={x 569.359985,y -27.1700001,z 551.390015,a 0.0,b 0.0,c 0.0}
    neu zugewiesen:  TOOL_DATA[12]={x 0.0,y 0.0,z 0.0,a 0.0,b 0.0,c 0.0}
    neu zugewiesen:  TOOL_DATA[13]={x 0.0,y 0.0,z 0.0,a 0.0,b 0.0,c 0.0}
    neu zugewiesen:  TOOL_DATA[14]={x 0.0,y 0.0,z 0.0,a 0.0,b 0.0,c 0.0}
    neu zugewiesen:  TOOL_DATA[15]={x 0.0,y 0.0,z 0.0,a 0.0,b 0.0,c 0.0}
    neu zugewiesen:  TOOL_DATA[16]={x 0.0,y 0.0,z 0.0,a 0.0,b 0.0,c 0.0}
    neu zugewiesen:  LOAD_DATA[1]={M 106.25,CM {x -54.7706337,y -5.35938883,z 252.838333,a -103.31823,b 36.2745934,c 60.836113},J {X 5.25,Y 5.25,Z 8.46626663}}
    neu zugewiesen:  LOAD_DATA[2]={M 106.25,CM {x -54.7706337,y -5.35938883,z 252.838333,a -103.31823,b 36.2745934,c 60.836113},J {X 5.25,Y 5.25,Z 8.46626663}}
    neu zugewiesen:  LOAD_DATA[3]={M 106.25,CM {x -54.7706337,y -5.35938883,z 252.838333,a -103.31823,b 36.2745934,c 60.836113},J {X 5.25,Y 5.25,Z 8.46626663}}
    neu zugewiesen:  LOAD_DATA[4]={M 106.25,CM {x -54.7706337,y -5.35938883,z 252.838333,a -103.31823,b 36.2745934,c 60.836113},J {X 5.25,Y 5.25,Z 8.46626663}}
    neu zugewiesen:  LOAD_DATA[5]={M 106.25,CM {x -54.7706337,y -5.35938883,z 252.838333,a -103.31823,b 36.2745934,c 60.836113},J {X 5.25,Y 5.25,Z 8.46626663}}
    neu zugewiesen:  LOAD_DATA[6]={M 106.25,CM {x -54.7706337,y -5.35938883,z 252.838333,a -103.31823,b 36.2745934,c 60.836113},J {X 5.25,Y 5.25,Z 8.46626663}}
    neu zugewiesen:  LOAD_DATA[7]={M 106.25,CM {x -54.7706337,y -5.35938883,z 252.838333,a -103.31823,b 36.2745934,c 60.836113},J {X 5.25,Y 5.25,Z 8.46626663}}
    neu zugewiesen:  LOAD_DATA[8]={M 106.25,CM {x -54.7706337,y -5.35938883,z 252.838333,a -103.31823,b 36.2745934,c 60.836113},J {X 5.25,Y 5.25,Z 8.46626663}}
    neu zugewiesen:  LOAD_DATA[9]={M 106.25,CM {x -54.7706337,y -5.35938883,z 252.838333,a -103.31823,b 36.2745934,c 60.836113},J {X 5.25,Y 5.25,Z 8.46626663}}
    neu zugewiesen:  LOAD_DATA[10]={M 106.25,CM {x -54.7706337,y -5.35938883,z 252.838333,a -103.31823,b 36.2745934,c 60.836113},J {X 5.25,Y 5.25,Z 8.46626663}}
    neu zugewiesen:  LOAD_DATA[11]={M 106.25,CM {x -54.7706337,y -5.35938883,z 252.838333,a -103.31823,b 36.2745934,c 60.836113},J {X 5.25,Y 5.25,Z 8.46626663}}
    neu zugewiesen:  LOAD_DATA[12]={M 106.25,CM {x -54.7706337,y -5.35938883,z 252.838333,a -103.31823,b 36.2745934,c 60.836113},J {X 5.25,Y 5.25,Z 8.46626663}}
    neu zugewiesen:  LOAD_DATA[13]={M 106.25,CM {x -54.7706337,y -5.35938883,z 252.838333,a -103.31823,b 36.2745934,c 60.836113},J {X 5.25,Y 5.25,Z 8.46626663}}
    neu zugewiesen:  LOAD_DATA[14]={M 106.25,CM {x -54.7706337,y -5.35938883,z 252.838333,a -103.31823,b 36.2745934,c 60.836113},J {X 5.25,Y 5.25,Z 8.46626663}}
    neu zugewiesen:  LOAD_DATA[15]={M 106.25,CM {x -54.7706337,y -5.35938883,z 252.838333,a -103.31823,b 36.2745934,c 60.836113},J {X 5.25,Y 5.25,Z 8.46626663}}
    neu zugewiesen:  LOAD_DATA[16]={M 106.25,CM {x -54.7706337,y -5.35938883,z 252.838333,a -103.31823,b 36.2745934,c 60.836113},J {X 5.25,Y 5.25,Z 8.46626663}}
    neu zugewiesen:  DECL LOAD LOAD_A1_DATA={M -1.0,CM {x 0.0,y 0.0,z 0.0,a 0.0,b 0.0,c 0.0},J {X 0.0,Y 0.0,Z 0.0}}
    neu zugewiesen:  DECL LOAD LOAD_A2_DATA={M -1.0,CM {x 0.0,y 0.0,z 0.0,a 0.0,b 0.0,c 0.0},J {X 0.0,Y 0.0,Z 0.0}}
    neu zugewiesen:  DECL LOAD LOAD_A3_DATA={M -1.0,CM {x 0.0,y 0.0,z 0.0,a 0.0,b 0.0,c 0.0},J {X 0.0,Y 0.0,Z 0.0}}
    neu zugewiesen:  BASE_NAME[1,]="B1"
    neu zugewiesen:  BASE_NAME[2,]="B2"
    neu zugewiesen:  BASE_NAME[3,]="B3"
    neu zugewiesen:  BASE_NAME[4,]="B4"
    neu zugewiesen:  BASE_NAME[5,]="B5"
    neu zugewiesen:  BASE_NAME[6,]="B6"
    neu zugewiesen:  BASE_NAME[7,]="B7"
    neu zugewiesen:  BASE_NAME[8,]="B8"
    neu zugewiesen:  BASE_NAME[9,]="B9"
    neu zugewiesen:  BASE_NAME[10,]="B10"
    neu zugewiesen:  BASE_NAME[11,]="tA"
    neu zugewiesen:  BASE_NAME[12,]="tB"
    neu zugewiesen:  BASE_NAME[13,]="tC"
    neu zugewiesen:  BASE_NAME[14,]="tD"
    neu zugewiesen:  BASE_NAME[15,]="tE"
    neu zugewiesen:  BASE_NAME[16,]="tF"
    neu zugewiesen:  INT MAX_BASE=16
    neu zugewiesen:  BASE_DATA[1]={x 0.0,y 0.0,z 0.0,a 0.0,b 0.0,c 0.0}
    neu zugewiesen:  BASE_DATA[2]={x 0.0,y 0.0,z 0.0,a 0.0,b 0.0,c 0.0}
    neu zugewiesen:  BASE_DATA[3]={x 0.0,y 0.0,z 0.0,a 0.0,b 0.0,c 0.0}
    neu zugewiesen:  BASE_DATA[4]={x 0.0,y 0.0,z 0.0,a 0.0,b 0.0,c 0.0}
    neu zugewiesen:  BASE_DATA[5]={x 0.0,y 0.0,z 0.0,a 0.0,b 0.0,c 0.0}
    neu zugewiesen:  BASE_DATA[6]={x 0.0,y 0.0,z 0.0,a 0.0,b 0.0,c 0.0}
    neu zugewiesen:  BASE_DATA[7]={x 0.0,y 0.0,z 0.0,a 0.0,b 0.0,c 0.0}
    neu zugewiesen:  BASE_DATA[8]={x 0.0,y 0.0,z 0.0,a 0.0,b 0.0,c 0.0}
    neu zugewiesen:  BASE_DATA[9]={x 0.0,y 0.0,z 0.0,a 0.0,b 0.0,c 0.0}
    neu zugewiesen:  BASE_DATA[10]={x 0.0,y 0.0,z 0.0,a 0.0,b 0.0,c 0.0}
    neu zugewiesen:  BASE_DATA[11]={x 0.0,y 0.0,z 0.0,a 0.0,b 0.0,c 0.0}
    neu zugewiesen:  BASE_DATA[12]={x 0.0,y 0.0,z 0.0,a 0.0,b 0.0,c 0.0}
    neu zugewiesen:  BASE_DATA[13]={x 0.0,y 0.0,z 0.0,a 0.0,b 0.0,c 0.0}
    neu zugewiesen:  BASE_DATA[14]={x 0.0,y 0.0,z 0.0,a 0.0,b 0.0,c 0.0}
    neu zugewiesen:  BASE_DATA[15]={x 0.0,y 0.0,z 0.0,a 0.0,b 0.0,c 0.0}
    neu zugewiesen:  BASE_DATA[16]={x 0.0,y 0.0,z 0.0,a 0.0,b 0.0,c 0.0}
    neu zugewiesen:  INT MAX_EX_BASE=6
    neu zugewiesen:  EX_AX_DATA[1]={ROOT {x 0.0,y 0.0,z 0.0,a 0.0,b 0.0,c 0.0},EX_KIN #EASYS,OFFSET {x 0.0,y 0.0,z 0.0,a 0.0,b 0.0,c 0.0}}
    neu zugewiesen:  EX_AX_DATA[2]={ROOT {x 0.0,y 0.0,z 0.0,a 0.0,b 0.0,c 0.0},EX_KIN #EBSYS,OFFSET {x 0.0,y 0.0,z 0.0,a 0.0,b 0.0,c 0.0}}
    neu zugewiesen:  EX_AX_DATA[3]={ROOT {x 0.0,y 0.0,z 0.0,a 0.0,b 0.0,c 0.0},EX_KIN #ECSYS,OFFSET {x 0.0,y 0.0,z 0.0,a 0.0,b 0.0,c 0.0}}
    neu zugewiesen:  EX_AX_DATA[4]={ROOT {x 0.0,y 0.0,z 0.0,a 0.0,b 0.0,c 0.0},EX_KIN #EDSYS,OFFSET {x 0.0,y 0.0,z 0.0,a 0.0,b 0.0,c 0.0}}
    neu zugewiesen:  EX_AX_DATA[5]={ROOT {x 0.0,y 0.0,z 0.0,a 0.0,b 0.0,c 0.0},EX_KIN #EESYS,OFFSET {x 0.0,y 0.0,z 0.0,a 0.0,b 0.0,c 0.0}}
    neu zugewiesen:  EX_AX_DATA[6]={ROOT {x 0.0,y 0.0,z 0.0,a 0.0,b 0.0,c 0.0},EX_KIN #EFSYS,OFFSET {x 0.0,y 0.0,z 0.0,a 0.0,b 0.0,c 0.0}}
    neu zugewiesen:  EX_AX_NAME[1,]=" "
    neu zugewiesen:  EX_AX_NAME[2,]=" "
    neu zugewiesen:  EX_AX_NAME[3,]=" "
    neu zugewiesen:  EX_AX_NAME[4,]=" "
    neu zugewiesen:  EX_AX_NAME[5,]=" "
    neu zugewiesen:  EX_AX_NAME[6,]=" "
    neu zugewiesen:  INT DEF_APO_CPTP=50
    neu zugewiesen:  INT DEF_APO_CVEL=100
    neu zugewiesen:  REAL DEF_APO_CDIS=3.0
    neu zugewiesen:  REAL DEF_APO_CORI=5.0
    neu zugewiesen:  SIGNAL PRG_NR $IN[1] TO $IN[8]
    neu zugewiesen:  SIGNAL PRG_NR_REFL $OUT[1] TO $OUT[8]
    neu zugewiesen:  BOOL VW_CBY_CELL=TRUE
    neu zugewiesen:  BOOL CALLBYSELECT=FALSE
    neu zugewiesen:  INT PGNO=0  ;ext. pgno
    neu zugewiesen:  INT P_OLD=5  ;old pgno
    neu zugewiesen:  INT P_SELECT=5  ;last selected Folge
    neu zugewiesen:  INT P_TYPE=1  ;coding of ext. pgno
    neu zugewiesen:  INT P_FBIT=1  ;first bit of ext. pgno input $IN[]
    neu zugewiesen:  INT R_FBIT=1  ;first bit of ext. pgno output $OUT[]
    neu zugewiesen:  INT P_LEN=8  ;length of ext. pgno (max. 16)
    neu zugewiesen:  INT RK100=13  ;user_saf and em_stop
    neu zugewiesen:  INT PIAUS=160  ;robot has reached point output $OUT[]
    neu zugewiesen:  INT LPKT=14  ;end of program output $OUT[]
    neu zugewiesen:  INT PF0=15  ;robot in home position
    neu zugewiesen:  INT WPROZ=17  ;waiting for a IBS-Master-Input
    neu zugewiesen:  INT WSLAV=18  ;waiting for a IBS-Slave-Input
    neu zugewiesen:  B_WSLAV[1]=FALSE
    neu zugewiesen:  B_WSLAV[2]=FALSE
    neu zugewiesen:  B_WSLAV[3]=FALSE
    neu zugewiesen:  B_WPROZ[1]=FALSE
    neu zugewiesen:  B_WPROZ[2]=FALSE
    neu zugewiesen:  B_WPROZ[3]=FALSE
    neu zugewiesen:  DECL INT I_PROSLA=0
    neu zugewiesen:  BOOL OUT_WPROZ=FALSE  ;signals for WPROZ-Output
    neu zugewiesen:  BOOL OUT_WSLAV=FALSE  ;signals for WSLAV-Output
    neu zugewiesen:  INT SRB=9  ;start program input $IN[]
    neu zugewiesen:  E6AXIS HOME_P={a1 0.0,a2 -90.0003967,a3 89.9994965,a4 0.0,a5 0.00189886999,a6 -2.65238996E-05,e1 0.0,e2 0.0,e3 0.0,e4 0.0,e5 0.0,e6 0.0}
    neu zugewiesen:  BOOL P0_MERKER=TRUE
    neu zugewiesen:  INT FB_FLAG=500
    neu zugewiesen:  INT VERR_FLAG=0
    neu zugewiesen:  INT A_QUAL=33
    neu zugewiesen:  INT E_QUAL=991
    neu zugewiesen:  INT ACT_PRG_NR=0  ;Dummy variable for FORWARD/INVERSE function in Vk_Edit (error bit)
    neu zugewiesen:  BOOL INT10=TRUE
    neu zugewiesen:  BOOL EG_SERVO_INIT=TRUE
    neu zugewiesen:  REAL M_TIMEOUT=0.150000006
    neu zugewiesen:  DECL VW_MPARA_TYP VW_MPARA_ACT={TOOL_NO 1,BASE_NO 0,VB 10,VE 0,ACC 100,TRG_TIME 0,MOVE_TYPE #PTP_MOTION}
    neu zugewiesen:  TOOL_TYPE[1]=#BASE
    neu zugewiesen:  TOOL_TYPE[2]=#BASE
    neu zugewiesen:  TOOL_TYPE[3]=#BASE
    neu zugewiesen:  TOOL_TYPE[4]=#BASE
    neu zugewiesen:  TOOL_TYPE[5]=#BASE
    neu zugewiesen:  TOOL_TYPE[6]=#BASE
    neu zugewiesen:  TOOL_TYPE[7]=#BASE
    neu zugewiesen:  TOOL_TYPE[8]=#BASE
    neu zugewiesen:  TOOL_TYPE[9]=#BASE
    neu zugewiesen:  TOOL_TYPE[10]=#BASE
    neu zugewiesen:  TOOL_TYPE[11]=#BASE
    neu zugewiesen:  TOOL_TYPE[12]=#BASE
    neu zugewiesen:  TOOL_TYPE[13]=#BASE
    neu zugewiesen:  TOOL_TYPE[14]=#BASE
    neu zugewiesen:  TOOL_TYPE[15]=#BASE
    neu zugewiesen:  TOOL_TYPE[16]=#BASE
    neu zugewiesen:  ADV_TOOL[1]=#STANDARD
    neu zugewiesen:  ADV_TOOL[2]=#STANDARD
    neu zugewiesen:  ADV_TOOL[3]=#STANDARD
    neu zugewiesen:  ADV_TOOL[4]=#STANDARD
    neu zugewiesen:  ADV_TOOL[5]=#STANDARD
    neu zugewiesen:  ADV_TOOL[6]=#STANDARD
    neu zugewiesen:  ADV_TOOL[7]=#STANDARD
    neu zugewiesen:  ADV_TOOL[8]=#STANDARD
    neu zugewiesen:  ADV_TOOL[9]=#STANDARD
    neu zugewiesen:  ADV_TOOL[10]=#STANDARD
    neu zugewiesen:  ADV_TOOL[11]=#STANDARD
    neu zugewiesen:  ADV_TOOL[12]=#STANDARD
    neu zugewiesen:  ADV_TOOL[13]=#STANDARD
    neu zugewiesen:  ADV_TOOL[14]=#STANDARD
    neu zugewiesen:  ADV_TOOL[15]=#STANDARD
    neu zugewiesen:  ADV_TOOL[16]=#STANDARD
    neu zugewiesen:  BASE_TYPE[1]=#NONE
    neu zugewiesen:  BASE_TYPE[2]=#NONE
    neu zugewiesen:  BASE_TYPE[3]=#NONE
    neu zugewiesen:  BASE_TYPE[4]=#NONE
    neu zugewiesen:  BASE_TYPE[5]=#NONE
    neu zugewiesen:  BASE_TYPE[6]=#NONE
    neu zugewiesen:  BASE_TYPE[7]=#NONE
    neu zugewiesen:  BASE_TYPE[8]=#NONE
    neu zugewiesen:  BASE_TYPE[9]=#NONE
    neu zugewiesen:  BASE_TYPE[10]=#NONE
    neu zugewiesen:  BASE_TYPE[11]=#NONE
    neu zugewiesen:  BASE_TYPE[12]=#NONE
    neu zugewiesen:  BASE_TYPE[13]=#NONE
    neu zugewiesen:  BASE_TYPE[14]=#NONE
    neu zugewiesen:  BASE_TYPE[15]=#NONE
    neu zugewiesen:  BASE_TYPE[16]=#NONE
    neu zugewiesen:  BOOL VW_INB=FALSE
    neu zugewiesen:  BOOL VW_CALL_CELL=FALSE
    neu zugewiesen:  BOOL STOP_FLAG=TRUE
    neu zugewiesen:  INT ZANGEN_FUNKT=0
    neu zugewiesen:  INT AKT_ZANGE=2
    neu zugewiesen:  BOOL GUN_OPEN=FALSE
    neu zugewiesen:  BOOL GUN_CLOSE=FALSE
    neu zugewiesen:  BOOL FL_GUN_FCT=FALSE
    neu zugewiesen:  REAL PULS_TIME=0.300000012
    neu zugewiesen:  DEF_ZANGE[1]={TYP 2,A_AUF 194,A_ZU 193,E_AUF 193,E_ZU 194,A_NAME_AUF[] "SZ1_A-hub_AUF",A_NAME_KLEM1[] "1.Schweissza",A_NAME_ZU[] "SZ1_A-hub_ZU",A_NAME_KLEM2[] "1.Schweissza",E_NAME_KLEM1[] "1.Schweissza",E_NAME_KLEM2[] "1.Schweissza"}
    neu zugewiesen:  DEF_ZANGE[2]={TYP 2,A_AUF 196,A_ZU 195,E_AUF 195,E_ZU 193,A_NAME_AUF[] "SZ1_V-hub_AUF",A_NAME_KLEM1[] "1.Schweissza",A_NAME_ZU[] "SZ1_V-hub_ZU",A_NAME_KLEM2[] "1.Schweissza",E_NAME_KLEM1[] "1.Schweissza",E_NAME_KLEM2[] "1.Schweissza"}
    neu zugewiesen:  DEF_ZANGE[3]={TYP 0,A_AUF 202,A_ZU 201,E_AUF 201,E_ZU 202,A_NAME_AUF[] "SZ2_A-hub_AUF",A_NAME_KLEM1[] "2.Schweissza",A_NAME_ZU[] "SZ2_A-hub_ZU",A_NAME_KLEM2[] "2.Schweissza",E_NAME_KLEM1[] "2.Schweissza",E_NAME_KLEM2[] "2.Schweissza"}
    neu zugewiesen:  DEF_ZANGE[4]={TYP 0,A_AUF 204,A_ZU 203,E_AUF 203,E_ZU 201,A_NAME_AUF[] "SZ2_V-hub_AUF",A_NAME_KLEM1[] "2.Schweissza",A_NAME_ZU[] "SZ2_V-hub_ZU",A_NAME_KLEM2[] "2.Schweissza",E_NAME_KLEM1[] "2.Schweissza",E_NAME_KLEM2[] "2.Schweissza"}
    neu zugewiesen:  DEF_ZANGE[5]={TYP 0,A_AUF 210,A_ZU 209,E_AUF 209,E_ZU 210,A_NAME_AUF[] "SZ3_A-hub_AUF",A_NAME_KLEM1[] "3.Schweissza",A_NAME_ZU[] "SZ3_A-hub_ZU",A_NAME_KLEM2[] "3.Schweissza",E_NAME_KLEM1[] "3.Schweissza",E_NAME_KLEM2[] "3.Schweissza"}
    neu zugewiesen:  DEF_ZANGE[6]={TYP 0,A_AUF 212,A_ZU 211,E_AUF 211,E_ZU 209,A_NAME_AUF[] "SZ3Vorhub_AUF",A_NAME_KLEM1[] "3.Schweissza",A_NAME_ZU[] "SZ3_V-hub_ZU",A_NAME_KLEM2[] "3.Schweissza",E_NAME_KLEM1[] "3.Schweissza",E_NAME_KLEM2[] "3.Schweissza"}
    neu zugewiesen:  DEF_ZANGE[7]={TYP 0,A_AUF 354,A_ZU 353,E_AUF 154,E_ZU 155,A_NAME_AUF[] "1.Greifer_AUF",A_NAME_KLEM1[] "1.Handlingza",A_NAME_ZU[] "1.Greifer_ZU",A_NAME_KLEM2[] "1.Handlingza",E_NAME_KLEM1[] "1.Handlingza",E_NAME_KLEM2[] "1.Handlingza"}
    neu zugewiesen:  DEF_ZANGE[8]={TYP 0,A_AUF 356,A_ZU 355,E_AUF 154,E_ZU 155,A_NAME_AUF[] "2.Greifer_AUF",A_NAME_KLEM1[] "2.Handlingza",A_NAME_ZU[] "2.Greifer_ZU",A_NAME_KLEM2[] "2.Handlingza",E_NAME_KLEM1[] "2.Handlingza",E_NAME_KLEM2[] "2.Handlingza"}
    neu zugewiesen:  DEF_ZANGE[9]={TYP 0,A_AUF 154,A_ZU 155,E_AUF 154,E_ZU 155,A_NAME_AUF[] "3.Greifer_AUF",A_NAME_KLEM1[] "3.Handlingza",A_NAME_ZU[] "3.Greifer_ZU",A_NAME_KLEM2[] "3.Handlingza",E_NAME_KLEM1[] "3.Handlingza",E_NAME_KLEM2[] "3.Handlingza"}
    neu zugewiesen:  DEF_ZANGE[10]={TYP 0,A_AUF 218,A_ZU 217,E_AUF 218,E_ZU 217,A_NAME_AUF[] "1.Einschwzyl_R",A_NAME_KLEM1[] "1.ext_Fraeser",A_NAME_ZU[] "1.Einschwzyl_V",A_NAME_KLEM2[] "1.ext_Fraeser",E_NAME_KLEM1[] "1.ext_Fraeser",E_NAME_KLEM2[] "1.ext Fraeser"}
    neu zugewiesen:  DEF_ZANGE[11]={TYP 0,A_AUF 220,A_ZU 219,E_AUF 220,E_ZU 219,A_NAME_AUF[] "2.Einschwzyl_R",A_NAME_KLEM1[] "2.ext_Fraeser",A_NAME_ZU[] "2.Einschwzyl_V",A_NAME_KLEM2[] "2.ext_Fraeser",E_NAME_KLEM1[] "2.ext_Fraeser",E_NAME_KLEM2[] "2.ext Fraeser"}
    neu zugewiesen:  DEF_ZANGE[12]={TYP 0,A_AUF 9,A_ZU 10,E_AUF 9,E_ZU 10,A_NAME_AUF[] "ZANGE12_AUF",A_NAME_KLEM1[] "A_KLEMME12",A_NAME_ZU[] "ZANGE12_ZU",A_NAME_KLEM2[] "A_KLEMME_12",E_NAME_KLEM1[] "E_KLEMME12",E_NAME_KLEM2[] "E_KLEMME_12"}
    neu zugewiesen:  DEF_ZANGE[13]={TYP 0,A_AUF 9,A_ZU 10,E_AUF 9,E_ZU 10,A_NAME_AUF[] "ZANGE13_AUF",A_NAME_KLEM1[] "A_KLEMME13",A_NAME_ZU[] "ZANGE13_ZU",A_NAME_KLEM2[] "A_KLEMME_13",E_NAME_KLEM1[] "E_KLEMME13",E_NAME_KLEM2[] "E_KLEMME_13"}
    neu zugewiesen:  DEF_ZANGE[14]={TYP 0,A_AUF 9,A_ZU 10,E_AUF 9,E_ZU 10,A_NAME_AUF[] "ZANGE14_AUF",A_NAME_KLEM1[] "A_KLEMME14",A_NAME_ZU[] "ZANGE14_ZU",A_NAME_KLEM2[] "A_KLEMME_14",E_NAME_KLEM1[] "E_KLEMME14",E_NAME_KLEM2[] "E_KLEMME_14"}
    neu zugewiesen:  DEF_ZANGE[15]={TYP 0,A_AUF 9,A_ZU 10,E_AUF 9,E_ZU 10,A_NAME_AUF[] "ZANGE15_AUF",A_NAME_KLEM1[] "A_KLEMME15",A_NAME_ZU[] "ZANGE15_ZU",A_NAME_KLEM2[] "A_KLEMME_15",E_NAME_KLEM1[] "E_KLEMME15",E_NAME_KLEM2[] "E_KLEMME_15"}
    neu zugewiesen:  DEF_ZANGE[16]={TYP 0,A_AUF 9,A_ZU 10,E_AUF 9,E_ZU 10,A_NAME_AUF[] "ZANGE16_AUF",A_NAME_KLEM1[] "A_KLEMME16",A_NAME_ZU[] "ZANGE16_ZU",A_NAME_KLEM2[] "A_KLEMME_16",E_NAME_KLEM1[] "E_KLEMME16",E_NAME_KLEM2[] "E_KLEMME_16"}
    neu zugewiesen:  DEF_IBSZANGE[1]={SEGMENT 0,TEILNEHMER 0,IBS_MODE #PREE_OFF,NAME[] "                    "}
    neu zugewiesen:  DEF_IBSZANGE[2]={SEGMENT 0,TEILNEHMER 0,IBS_MODE #PREE_OFF,NAME[] "                    "}
    neu zugewiesen:  DEF_IBSZANGE[3]={SEGMENT 0,TEILNEHMER 0,IBS_MODE #PREE_OFF,NAME[] "                    "}
    neu zugewiesen:  DEF_IBSZANGE[4]={SEGMENT 0,TEILNEHMER 0,IBS_MODE #PREE_OFF,NAME[] "                    "}
    neu zugewiesen:  DEF_IBSZANGE[5]={SEGMENT 0,TEILNEHMER 0,IBS_MODE #PREE_OFF,NAME[] "                    "}
    neu zugewiesen:  DEF_IBSZANGE[6]={SEGMENT 0,TEILNEHMER 0,IBS_MODE #PREE_OFF,NAME[] "                    "}
    neu zugewiesen:  DEF_IBSZANGE[7]={SEGMENT 0,TEILNEHMER 0,IBS_MODE #PREE_OFF,NAME[] "                    "}
    neu zugewiesen:  DEF_IBSZANGE[8]={SEGMENT 0,TEILNEHMER 0,IBS_MODE #PREE_OFF,NAME[] "                    "}
    neu zugewiesen:  DEF_IBSZANGE[9]={SEGMENT 0,TEILNEHMER 0,IBS_MODE #PREE_OFF,NAME[] "                    "}
    neu zugewiesen:  DEF_IBSZANGE[10]={SEGMENT 0,TEILNEHMER 0,IBS_MODE #PREE_OFF,NAME[] "                    "}
    neu zugewiesen:  DEF_IBSZANGE[11]={SEGMENT 0,TEILNEHMER 0,IBS_MODE #PREE_OFF,NAME[] "                    "}
    neu zugewiesen:  DEF_IBSZANGE[12]={SEGMENT 0,TEILNEHMER 0,IBS_MODE #PREE_OFF,NAME[] "                    "}
    neu zugewiesen:  DEF_IBSZANGE[13]={SEGMENT 0,TEILNEHMER 0,IBS_MODE #PREE_OFF,NAME[] "                    "}
    neu zugewiesen:  DEF_IBSZANGE[14]={SEGMENT 0,TEILNEHMER 0,IBS_MODE #PREE_OFF,NAME[] "                    "}
    neu zugewiesen:  DEF_IBSZANGE[15]={SEGMENT 0,TEILNEHMER 0,IBS_MODE #PREE_OFF,NAME[] "                    "}
    neu zugewiesen:  DEF_IBSZANGE[16]={SEGMENT 0,TEILNEHMER 0,IBS_MODE #PREE_OFF,NAME[] "                    "}
    neu zugewiesen:  DECL LAST_IBS_TYP LAST_IBS_PRO={ON 0,OFF 0,STATE FALSE}
    neu zugewiesen:  B_FBIT[1]=577
    neu zugewiesen:  B_FBIT[2]=625
    neu zugewiesen:  B_FBIT[3]=841
    neu zugewiesen:  B_FBIT[4]=857
    neu zugewiesen:  B_FBIT[5]=905
    neu zugewiesen:  B_FBIT[6]=921
    neu zugewiesen:  B_FBIT[7]=761
    neu zugewiesen:  B_FBIT[8]=150
    neu zugewiesen:  B_FBIT[9]=152
    neu zugewiesen:  B_FBIT[10]=43
    neu zugewiesen:  B_LEN[1]=16
    neu zugewiesen:  B_LEN[2]=16
    neu zugewiesen:  B_LEN[3]=4
    neu zugewiesen:  B_LEN[4]=4
    neu zugewiesen:  B_LEN[5]=4
    neu zugewiesen:  B_LEN[6]=4
    neu zugewiesen:  B_LEN[7]=7
    neu zugewiesen:  B_LEN[8]=2
    neu zugewiesen:  B_LEN[9]=2
    neu zugewiesen:  B_LEN[10]=6
    neu zugewiesen:  B_PAR[1]=#NONE
    neu zugewiesen:  B_PAR[2]=#NONE
    neu zugewiesen:  B_PAR[3]=#NONE
    neu zugewiesen:  B_PAR[4]=#NONE
    neu zugewiesen:  B_PAR[5]=#NONE
    neu zugewiesen:  B_PAR[6]=#NONE
    neu zugewiesen:  B_PAR[7]=#NONE
    neu zugewiesen:  B_PAR[8]=#NONE
    neu zugewiesen:  B_PAR[9]=#NONE
    neu zugewiesen:  B_PAR[10]=#NONE
    neu zugewiesen:  SIGNAL BINOUT1 $OUT[577] TO $OUT[592]
    neu zugewiesen:  SIGNAL BINOUT2 $OUT[625] TO $OUT[640]
    neu zugewiesen:  SIGNAL BINOUT3 $OUT[841] TO $OUT[844]
    neu zugewiesen:  SIGNAL BINOUT4 $OUT[857] TO $OUT[860]
    neu zugewiesen:  SIGNAL BINOUT5 $OUT[905] TO $OUT[908]
    neu zugewiesen:  SIGNAL BINOUT6 $OUT[921] TO $OUT[924]
    neu zugewiesen:  SIGNAL BINOUT7 $OUT[761] TO $OUT[767]
    neu zugewiesen:  SIGNAL BINOUT8 $OUT[150] TO $OUT[151]
    neu zugewiesen:  SIGNAL BINOUT9 $OUT[152] TO $OUT[153]
    neu zugewiesen:  SIGNAL BINOUT10 $OUT[43] TO $OUT[48]
    neu zugewiesen:  B[1]=9931
    neu zugewiesen:  B[2]=0
    neu zugewiesen:  B[3]=0
    neu zugewiesen:  B[4]=0
    neu zugewiesen:  B[5]=0
    neu zugewiesen:  B[6]=0
    neu zugewiesen:  B[7]=0
    neu zugewiesen:  B[8]=0
    neu zugewiesen:  B[9]=0
    neu zugewiesen:  B[10]=0
    neu zugewiesen:  I[1]=21204
    neu zugewiesen:  I[2]=15739790
    neu zugewiesen:  I[3]=380
    neu zugewiesen:  I[4]=972
    neu zugewiesen:  I[5]=0
    neu zugewiesen:  I[6]=0
    neu zugewiesen:  I[7]=-12
    neu zugewiesen:  I[8]=7
    neu zugewiesen:  I[9]=0
    neu zugewiesen:  I[10]=0
    neu zugewiesen:  S[1]=FALSE
    neu zugewiesen:  S[2]=FALSE
    neu zugewiesen:  S[3]=FALSE
    neu zugewiesen:  S[4]=FALSE
    neu zugewiesen:  S[5]=FALSE
    neu zugewiesen:  S[6]=FALSE
    neu zugewiesen:  S[7]=FALSE
    neu zugewiesen:  S[8]=FALSE
    neu zugewiesen:  S[9]=FALSE
    neu zugewiesen:  S[10]=FALSE
    neu zugewiesen:  S[11]=FALSE
    neu zugewiesen:  S[12]=FALSE
    neu zugewiesen:  S[13]=FALSE
    neu zugewiesen:  S[14]=FALSE
    neu zugewiesen:  S[15]=FALSE
    neu zugewiesen:  S[16]=FALSE
    neu zugewiesen:  S[17]=FALSE
    neu zugewiesen:  S[18]=FALSE
    neu zugewiesen:  S[19]=FALSE
    neu zugewiesen:  S[20]=FALSE
    neu zugewiesen:  S[21]=FALSE
    neu zugewiesen:  S[22]=FALSE
    neu zugewiesen:  S[23]=FALSE
    neu zugewiesen:  S[24]=FALSE
    neu zugewiesen:  S[25]=FALSE
    neu zugewiesen:  S[26]=FALSE
    neu zugewiesen:  S[27]=FALSE
    neu zugewiesen:  S[28]=FALSE
    neu zugewiesen:  S[29]=FALSE
    neu zugewiesen:  S[30]=FALSE
    neu zugewiesen:  S[31]=FALSE
    neu zugewiesen:  S[32]=FALSE
    neu zugewiesen:  REAL FAC1=0.0
    neu zugewiesen:  REAL FAC2=0.0
    neu zugewiesen:  REAL FAC3=0.0
    neu zugewiesen:  REAL FAC4=0.0
    neu zugewiesen:  REAL FAC5=0.0
    neu zugewiesen:  REAL FAC6=0.0
    neu zugewiesen:  REAL FAC7=0.0
    neu zugewiesen:  REAL FAC8=0.0
    neu zugewiesen:  REAL FAC9=0.0
    neu zugewiesen:  REAL FAC10=0.0
    neu zugewiesen:  REAL FAC11=0.0
    neu zugewiesen:  REAL FAC12=0.0
    neu zugewiesen:  REAL FAC13=0.0
    neu zugewiesen:  REAL FAC14=0.0
    neu zugewiesen:  REAL FAC15=0.0
    neu zugewiesen:  REAL FAC16=0.0
    neu zugewiesen:  REAL OFS1=0.0
    neu zugewiesen:  REAL OFS2=0.0
    neu zugewiesen:  REAL OFS3=0.0
    neu zugewiesen:  REAL OFS4=0.0
    neu zugewiesen:  REAL OFS5=0.0
    neu zugewiesen:  REAL OFS6=0.0
    neu zugewiesen:  REAL OFS7=0.0
    neu zugewiesen:  REAL OFS8=0.0
    neu zugewiesen:  REAL OFS9=0.0
    neu zugewiesen:  REAL OFS10=0.0
    neu zugewiesen:  REAL OFS11=0.0
    neu zugewiesen:  REAL OFS12=0.0
    neu zugewiesen:  REAL OFS13=0.0
    neu zugewiesen:  REAL OFS14=0.0
    neu zugewiesen:  REAL OFS15=0.0
    neu zugewiesen:  REAL OFS16=0.0
    neu zugewiesen:  REAL ANA_DELAY1=0.0
    neu zugewiesen:  REAL ANA_DELAY2=0.0
    neu zugewiesen:  REAL ANA_DELAY3=0.0
    neu zugewiesen:  REAL ANA_DELAY4=0.0
    neu zugewiesen:  REAL ANA_DELAY5=0.0
    neu zugewiesen:  REAL ANA_DELAY6=0.0
    neu zugewiesen:  REAL ANA_DELAY7=0.0
    neu zugewiesen:  REAL ANA_DELAY8=0.0
    neu zugewiesen:  REAL ANA_DELAY9=0.0
    neu zugewiesen:  REAL ANA_DELAY10=0.0
    neu zugewiesen:  REAL ANA_DELAY11=0.0
    neu zugewiesen:  REAL ANA_DELAY12=0.0
    neu zugewiesen:  REAL ANA_DELAY13=0.0
    neu zugewiesen:  REAL ANA_DELAY14=0.0
    neu zugewiesen:  REAL ANA_DELAY15=0.0
    neu zugewiesen:  REAL ANA_DELAY16=0.0
    neu zugewiesen:  VW_VERR[1]={IN 1025,OUT 0,NAME[] "       ",FREE_TEXT[] "        "}
    neu zugewiesen:  VW_VERR[2]={IN 1025,OUT 0,NAME[] "       ",FREE_TEXT[] "        "}
    neu zugewiesen:  VW_VERR[3]={IN 1025,OUT 0,NAME[] "       ",FREE_TEXT[] "        "}
    neu zugewiesen:  VW_VERR[4]={IN 1025,OUT 0,NAME[] "       ",FREE_TEXT[] "        "}
    neu zugewiesen:  VW_VERR[5]={IN 1025,OUT 0,NAME[] "       ",FREE_TEXT[] "        "}
    neu zugewiesen:  VW_VERR[6]={IN 1025,OUT 0,NAME[] "       ",FREE_TEXT[] "        "}
    neu zugewiesen:  VW_VERR[7]={IN 1025,OUT 0,NAME[] "       ",FREE_TEXT[] "        "}
    neu zugewiesen:  VW_VERR[8]={IN 1025,OUT 0,NAME[] "       ",FREE_TEXT[] "        "}
    neu zugewiesen:  TEMP_E[]=" E%I"
    neu zugewiesen:  ACT_VERR_OUT[1]=0
    neu zugewiesen:  ACT_VERR_OUT[2]=0
    neu zugewiesen:  ACT_VERR_OUT[3]=0
    neu zugewiesen:  ACT_VERR_OUT[4]=0
    neu zugewiesen:  ACT_VERR_OUT[5]=0
    neu zugewiesen:  ACT_VERR_OUT[6]=0
    neu zugewiesen:  ACT_VERR_OUT[7]=0
    neu zugewiesen:  ACT_VERR_OUT[8]=0
    neu zugewiesen:  BOOL SPS_FERTIG=TRUE
    neu zugewiesen:  REAL WAIT_TIME=0.00
    neu zugewiesen:  INT SPS_N=-1
    neu zugewiesen:  DECL E6POS Z_PUNKT={x 0.0,y 0.0,z 0.0,a 0.0,b 0.0,c 0.0,e1 0.0,e2 0.0,e3 0.0,e4 0.0,e5 0.0,e6 0.0}
    neu zugewiesen:  INT OV_OLD=1
    neu zugewiesen:  INT SUCH_RED=1
    neu zugewiesen:  BOOL SEARCH_ACTIV=FALSE
    neu zugewiesen:  INT A_WEAVE_FILT=112
    neu zugewiesen:  INT A_LAST_FILT=204
    neu zugewiesen:  DECL T_FB_STATE FB_STATE={N 0,HOLD TRUE,APO_2 FALSE}
    neu zugewiesen:  BOOL VALCYCFL30=FALSE
    neu zugewiesen:  DECL PRO_MODE LAST_PRMODE=#GO
    neu zugewiesen:  DECL BOOL CHG_PRMODE=TRUE
    neu zugewiesen:  DECL BOOL CHG_PRSTATE=TRUE
    neu zugewiesen:  BOOL BSTEP_FLAG=FALSE
    neu zugewiesen:  BOOL T_BSTEP=FALSE
    neu zugewiesen:  BOOL DISABLE_OV_CHANGE=FALSE
    neu zugewiesen:  BOOL OV_CHANGED=FALSE  ;Override changed by EXT/T1/T2
    neu zugewiesen:  INT OLD_OV_PRO=100  ;Restore old value of $OV_PRO
    neu zugewiesen:  DECL MODE_OP OLD_MODE_OP=#T1  ;Restore old $MODE_OP
    neu zugewiesen:  DECL BOOL DownLoadActive=FALSE
    neu zugewiesen:  BOOL OV_REGLER_ON=TRUE
    neu zugewiesen:  BOOL ReglerEin=FALSE
    neu zugewiesen:  BOOL ReglerEin2=TRUE
    neu zugewiesen:  BOOL LastReglerEin=FALSE
    neu zugewiesen:  BOOL LastReglerEin2=TRUE
    neu zugewiesen:  REAL OVvomRegler=-1.0
    neu zugewiesen:  REAL OVbeiReglerEin=100.0
    neu zugewiesen:  REAL LetzterNow=148474.0
    neu zugewiesen:  REAL Now=148474.0
    neu zugewiesen:  REAL Laufzeit=0.0
    neu zugewiesen:  DECL DATE LastDate={CSEC 0,SEC 55,MIN 21,HOUR 19,DAY 4,MONTH 5,YEAR 2015}
    neu zugewiesen:  DECL DATE NewDate={CSEC 0,SEC 55,MIN 21,HOUR 19,DAY 4,MONTH 5,YEAR 2015}
    neu zugewiesen:  INT AktLogZeiger=5
    neu zugewiesen:  ReglerLog[1]={RegFunkt #ReglerEnabled,RegDate {CSEC 0,SEC 47,MIN 49,HOUR 10,DAY 4,MONTH 5,YEAR 2024}}
    neu zugewiesen:  ReglerLog[2]={RegFunkt #ReglerEnabled,RegDate {CSEC 0,SEC 5,MIN 30,HOUR 17,DAY 4,MONTH 5,YEAR 2015}}
    neu zugewiesen:  ReglerLog[3]={RegFunkt #ReglerEnabled,RegDate {CSEC 0,SEC 49,MIN 35,HOUR 17,DAY 4,MONTH 5,YEAR 2015}}
    neu zugewiesen:  ReglerLog[4]={RegFunkt #ReglerEnabled,RegDate {CSEC 0,SEC 34,MIN 18,HOUR 19,DAY 4,MONTH 5,YEAR 2015}}
    neu zugewiesen:  ReglerLog[5]={RegFunkt #ReglerDisabled,RegDate {CSEC 0,SEC 35,MIN 49,HOUR 14,DAY 15,MONTH 11,YEAR 2022}}
    neu zugewiesen:  ReglerLog[6]={RegFunkt #ReglerEnabled,RegDate {CSEC 0,SEC 48,MIN 33,HOUR 4,DAY 16,MONTH 11,YEAR 2022}}
    neu zugewiesen:  ReglerLog[7]={RegFunkt #ReglerDisabled,RegDate {CSEC 0,SEC 8,MIN 10,HOUR 17,DAY 24,MONTH 11,YEAR 2022}}
    neu zugewiesen:  ReglerLog[8]={RegFunkt #ReglerEnabled,RegDate {CSEC 0,SEC 0,MIN 59,HOUR 20,DAY 25,MONTH 11,YEAR 2022}}
    neu zugewiesen:  ReglerLog[9]={RegFunkt #ReglerEnabled,RegDate {CSEC 0,SEC 27,MIN 54,HOUR 3,DAY 4,MONTH 5,YEAR 2024}}
    neu zugewiesen:  ReglerLog[10]={RegFunkt #ReglerEnabled,RegDate {CSEC 0,SEC 17,MIN 44,HOUR 4,DAY 4,MONTH 5,YEAR 2024}}
    neu zugewiesen:  ReglerLog[11]={RegFunkt #ReglerEnabled,RegDate {CSEC 0,SEC 22,MIN 10,HOUR 5,DAY 4,MONTH 5,YEAR 2024}}
    neu zugewiesen:  ReglerLog[12]={RegFunkt #ReglerEnabled,RegDate {CSEC 0,SEC 24,MIN 18,HOUR 5,DAY 4,MONTH 5,YEAR 2024}}
    neu zugewiesen:  ReglerLog[13]={RegFunkt #ReglerEnabled,RegDate {CSEC 0,SEC 51,MIN 24,HOUR 5,DAY 4,MONTH 5,YEAR 2024}}
    neu zugewiesen:  ReglerLog[14]={RegFunkt #ReglerEnabled,RegDate {CSEC 0,SEC 25,MIN 19,HOUR 6,DAY 4,MONTH 5,YEAR 2024}}
    neu zugewiesen:  ReglerLog[15]={RegFunkt #ReglerEnabled,RegDate {CSEC 0,SEC 7,MIN 31,HOUR 6,DAY 4,MONTH 5,YEAR 2024}}
    neu zugewiesen:  ReglerLog[16]={RegFunkt #ReglerEnabled,RegDate {CSEC 0,SEC 8,MIN 7,HOUR 7,DAY 4,MONTH 5,YEAR 2024}}
    neu zugewiesen:  ReglerLog[17]={RegFunkt #ReglerEnabled,RegDate {CSEC 0,SEC 28,MIN 30,HOUR 7,DAY 4,MONTH 5,YEAR 2024}}
    neu zugewiesen:  ReglerLog[18]={RegFunkt #ReglerEnabled,RegDate {CSEC 0,SEC 8,MIN 7,HOUR 8,DAY 4,MONTH 5,YEAR 2024}}
    neu zugewiesen:  ReglerLog[19]={RegFunkt #ReglerEnabled,RegDate {CSEC 0,SEC 42,MIN 13,HOUR 8,DAY 4,MONTH 5,YEAR 2024}}
    neu zugewiesen:  ReglerLog[20]={RegFunkt #ReglerEnabled,RegDate {CSEC 0,SEC 42,MIN 2,HOUR 9,DAY 4,MONTH 5,YEAR 2024}}
    --- Aufruf: NeedUpgrade ( C:\KRC\ROBOTER\KRC\R1\SYSTEM\BAS.SRC ) ---
    Releasekennung ist nicht aktuell
    Datei nicht laden --> [ NeedUpgrade = UpgSourceDest ]
    --- Aufruf: NeedUpgrade ( C:\KRC\ROBOTER\KRC\R1\SYSTEM\BAS.DAT ) ---
    Releasekennung ist nicht aktuell
    Datei nicht laden --> [ NeedUpgrade = UpgSourceDest ]
    --- Aufruf: UpGrade ( C:\KRC_OLDINST\KRC\R1\System\bas.src )
    Die im Zielverzeichnis liegenden Dateien werden zuckgegeben (DoNotLoad)
    --- Aufruf: NeedUpgrade ( C:\KRC\ROBOTER\KRC\R1\SYSTEM\SPS.SRC ) ---
    Releasekennung ist nicht aktuell
    Datei nicht laden --> [ NeedUpgrade = UpgSourceDest ]
    --- Aufruf: NeedUpgrade ( C:\KRC\ROBOTER\KRC\R1\SYSTEM\SPS.DAT ) ---
    Releasekennung ist nicht aktuell
    Datei nicht laden --> [ NeedUpgrade = UpgSourceDest ]
    --- Aufruf: UpGrade ( C:\KRC_OLDINST\KRC\R1\System\sps.sub )
    Die im Zielverzeichnis liegenden Dateien werden zuckgegeben (DoNotLoad)
    --- Aufruf: NeedUpgrade ( C:\KRC\ROBOTER\KRC\R1\SYSTEM\VW.SRC ) ---
    Releasekennung ist nicht aktuell
    Datei nicht laden --> [ NeedUpgrade = UpgSourceDest ]
    --- Aufruf: NeedUpgrade ( C:\KRC\ROBOTER\KRC\R1\SYSTEM\VW.DAT ) ---
    Releasekennung ist nicht aktuell
    Datei nicht laden --> [ NeedUpgrade = UpgSourceDest ]
    --- Aufruf: UpGrade ( C:\KRC_OLDINST\KRC\R1\System\vw.src )
    Die im Zielverzeichnis liegenden Dateien werden zuckgegeben (DoNotLoad)
    --- Aufruf: NeedUpgrade ( C:\KRC\ROBOTER\KRC\R1\SYSTEM\WEAV_DEF.SRC ) ---
    Releasekennung ist nicht aktuell
    Datei mit Ziel konvertieren --> [ NeedUpgrade = UpgSourceDest ]
    --- Aufruf: NeedUpgrade ( C:\KRC\ROBOTER\KRC\R1\SYSTEM\WEAV_DEF.DAT ) ---
    Releasekennung ist nicht aktuell
    Datei mit Ziel konvertieren --> [ NeedUpgrade = UpgSourceDest ]
    --- Aufruf: UpGrade ( C:\KRC_OLDINST\KRC\R1\System\weav_def.src )
    Die Datei wird mittels der Zieldatei konvertiert (DoUpgradeBySourceDest)
    Datei geht an UpgradeWeav_Def
    Kundenspezifische Pendelfiguren wurden gefunden (altes Weav_Def.src)
    Kundenspezifische Pendelfiguren wurden gefunden (neues Weav_Def.src)
    das neue Weav_Def.src wird montiert ...
    --- Aufruf: NeedUpgrade ( C:\KRC\ROBOTER\KRC\R1\UPS\UP10.SRC ) ---
    Releasekennung ist nicht aktuell
    Datei konvertieren --> [ NeedUpgrade = UpgSource ]
    --- Aufruf: NeedUpgrade ( C:\KRC\ROBOTER\KRC\R1\UPS\UP10.DAT ) ---
    Releasekennung ist nicht aktuell
    Datei konvertieren --> [ NeedUpgrade = UpgSource ]
    --- Aufruf: UpGrade ( C:\KRC_OLDINST\KRC\R1\UPs\UP10.SRC )
    Die Datei wird nur mittels der Quelldateien (evtl. Vorgabedateien) konvertiert (DoUpgradeBySource)
    Erstelle neue Vorgabedateien ...
    Die Vorgabedatei(en) wurde(n) erfolgreich erstellt
    ... Konvertierung dieser Datei erfolgreich beendet
    Zugriffs-Status wurde gesetzt ( Sichtbar )
    --- Aufruf: NeedUpgrade ( C:\KRC\ROBOTER\KRC\R1\UPS\UP1.SRC ) ---
    Releasekennung ist nicht aktuell
    Datei konvertieren --> [ NeedUpgrade = UpgSource ]
    --- Aufruf: NeedUpgrade ( C:\KRC\ROBOTER\KRC\R1\UPS\UP1.DAT ) ---
    Releasekennung ist nicht aktuell
    Datei konvertieren --> [ NeedUpgrade = UpgSource ]
    --- Aufruf: UpGrade ( C:\KRC_OLDINST\KRC\R1\UPs\UP1.SRC )
    Die Datei wird nur mittels der Quelldateien (evtl. Vorgabedateien) konvertiert (DoUpgradeBySource)
    Erstelle neue Vorgabedateien ...
    Die Vorgabedatei(en) wurde(n) erfolgreich erstellt
    ... Konvertierung dieser Datei erfolgreich beendet
    Zugriffs-Status wurde gesetzt ( Sichtbar )
    --- Aufruf: NeedUpgrade ( C:\KRC\ROBOTER\KRC\R1\UPS\UP8.SRC ) ---
    Releasekennung ist nicht aktuell
    Datei konvertieren --> [ NeedUpgrade = UpgSource ]
    --- Aufruf: NeedUpgrade ( C:\KRC\ROBOTER\KRC\R1\UPS\UP8.DAT ) ---
    Releasekennung ist nicht aktuell
    Datei konvertieren --> [ NeedUpgrade = UpgSource ]
    --- Aufruf: UpGrade ( C:\KRC_OLDINST\KRC\R1\UPs\UP8.SRC )
    Die Datei wird nur mittels der Quelldateien (evtl. Vorgabedateien) konvertiert (DoUpgradeBySource)
    Erstelle neue Vorgabedateien ...
    Die Vorgabedatei(en) wurde(n) erfolgreich erstellt
    ... Konvertierung dieser Datei erfolgreich beendet
    Zugriffs-Status wurde gesetzt ( Sichtbar )
    --- Aufruf: NeedUpgrade ( C:\KRC\ROBOTER\KRC\R1\UPS\UP9.SRC ) ---
    Releasekennung ist nicht aktuell
    Datei konvertieren --> [ NeedUpgrade = UpgSource ]
    --- Aufruf: NeedUpgrade ( C:\KRC\ROBOTER\KRC\R1\UPS\UP9.DAT ) ---
    Releasekennung ist nicht aktuell
    Datei konvertieren --> [ NeedUpgrade = UpgSource ]
    --- Aufruf: UpGrade ( C:\KRC_OLDINST\KRC\R1\UPs\UP9.SRC )
    Die Datei wird nur mittels der Quelldateien (evtl. Vorgabedateien) konvertiert (DoUpgradeBySource)
    Erstelle neue Vorgabedateien ...
    Die Vorgabedatei(en) wurde(n) erfolgreich erstellt
    ... Konvertierung dieser Datei erfolgreich beendet
    Zugriffs-Status wurde gesetzt ( Sichtbar )
    --- Aufruf: NeedUpgrade ( C:\KRC\ROBOTER\KRC\R1\UPS\UP41.SRC ) ---
    Releasekennung ist nicht aktuell
    Datei konvertieren --> [ NeedUpgrade = UpgSource ]
    --- Aufruf: NeedUpgrade ( C:\KRC\ROBOTER\KRC\R1\UPS\UP41.DAT ) ---
    Releasekennung ist nicht aktuell
    Datei konvertieren --> [ NeedUpgrade = UpgSource ]
    --- Aufruf: UpGrade ( C:\KRC_OLDINST\KRC\R1\UPs\UP41.SRC )
    Die Datei wird nur mittels der Quelldateien (evtl. Vorgabedateien) konvertiert (DoUpgradeBySource)
    Erstelle neue Vorgabedateien ...
    Die Vorgabedatei(en) wurde(n) erfolgreich erstellt
    ... Konvertierung dieser Datei erfolgreich beendet
    Zugriffs-Status wurde gesetzt ( Sichtbar )
    --- Aufruf: NeedUpgrade ( C:\KRC\ROBOTER\KRC\R1\UPS\UP51.SRC ) ---
    Releasekennung ist nicht aktuell
    Datei konvertieren --> [ NeedUpgrade = UpgSource ]
    --- Aufruf: NeedUpgrade ( C:\KRC\ROBOTER\KRC\R1\UPS\UP51.DAT ) ---
    Releasekennung ist nicht aktuell
    Datei konvertieren --> [ NeedUpgrade = UpgSource ]
    --- Aufruf: UpGrade ( C:\KRC_OLDINST\KRC\R1\UPs\UP51.SRC )
    Die Datei wird nur mittels der Quelldateien (evtl. Vorgabedateien) konvertiert (DoUpgradeBySource)
    Erstelle neue Vorgabedateien ...
    Die Vorgabedatei(en) wurde(n) erfolgreich erstellt
    ... Konvertierung dieser Datei erfolgreich beendet
    Zugriffs-Status wurde gesetzt ( Sichtbar )
    --- Aufruf: NeedUpgrade ( C:\KRC\ROBOTER\KRC\R1\UPS\UP52.SRC ) ---
    Releasekennung ist nicht aktuell
    Datei konvertieren --> [ NeedUpgrade = UpgSource ]
    --- Aufruf: NeedUpgrade ( C:\KRC\ROBOTER\KRC\R1\UPS\UP52.DAT ) ---
    Releasekennung ist nicht aktuell
    Datei konvertieren --> [ NeedUpgrade = UpgSource ]
    --- Aufruf: UpGrade ( C:\KRC_OLDINST\KRC\R1\UPs\UP52.SRC )
    Die Datei wird nur mittels der Quelldateien (evtl. Vorgabedateien) konvertiert (DoUpgradeBySource)
    Erstelle neue Vorgabedateien ...
    Die Vorgabedatei(en) wurde(n) erfolgreich erstellt
    ... Konvertierung dieser Datei erfolgreich beendet
    Zugriffs-Status wurde gesetzt ( Sichtbar )
    --- Aufruf: NeedUpgrade ( C:\KRC\ROBOTER\KRC\R1\UPS\UP42.SRC ) ---
    Releasekennung ist nicht aktuell
    Datei konvertieren --> [ NeedUpgrade = UpgSource ]
    --- Aufruf: NeedUpgrade ( C:\KRC\ROBOTER\KRC\R1\UPS\UP42.DAT ) ---
    Releasekennung ist nicht aktuell
    Datei konvertieren --> [ NeedUpgrade = UpgSource ]
    --- Aufruf: UpGrade ( C:\KRC_OLDINST\KRC\R1\UPs\UP42.SRC )
    Die Datei wird nur mittels der Quelldateien (evtl. Vorgabedateien) konvertiert (DoUpgradeBySource)
    Erstelle neue Vorgabedateien ...
    Die Vorgabedatei(en) wurde(n) erfolgreich erstellt
    ... Konvertierung dieser Datei erfolgreich beendet
    Zugriffs-Status wurde gesetzt ( Sichtbar )
    --- Aufruf: NeedUpgrade ( C:\KRC\ROBOTER\KRC\R1\VW_USER\VW_USER.SRC ) ---
    Releasekennung ist nicht aktuell
    Datei konvertieren --> [ NeedUpgrade = UpgSource ]
    --- Aufruf: NeedUpgrade ( C:\KRC\ROBOTER\KRC\R1\VW_USER\VW_USER.DAT ) ---
    Releasekennung ist nicht aktuell
    Datei konvertieren --> [ NeedUpgrade = UpgSource ]
    --- Aufruf: UpGrade ( C:\KRC_OLDINST\KRC\R1\VW_User\vw_user.src )
    Die Datei wird nur mittels der Quelldateien (evtl. Vorgabedateien) konvertiert (DoUpgradeBySource)
!!! Die Datei wird unkonvertiert geladen !!!
    --- Aufruf: NeedUpgrade ( C:\KRC\ROBOTER\KRC\R1\VW_USER\VW_USR_R.SRC ) ---
    Releasekennung ist nicht aktuell
    Datei konvertieren --> [ NeedUpgrade = UpgSource ]
    --- Aufruf: NeedUpgrade ( C:\KRC\ROBOTER\KRC\R1\VW_USER\VW_USR_R.DAT ) ---
    Releasekennung ist nicht aktuell
    Datei konvertieren --> [ NeedUpgrade = UpgSource ]
    --- Aufruf: UpGrade ( C:\KRC_OLDINST\KRC\R1\VW_User\vw_usr_r.src )
    Die Datei wird nur mittels der Quelldateien (evtl. Vorgabedateien) konvertiert (DoUpgradeBySource)
!!! Die Datei wird unkonvertiert geladen !!!
    --- Aufruf: NeedUpgrade ( C:\KRC\ROBOTER\KRC\R1\VW_USER\VW_USR_S.SRC ) ---
    Releasekennung ist nicht aktuell
    Datei konvertieren --> [ NeedUpgrade = UpgSource ]
    --- Aufruf: NeedUpgrade ( C:\KRC\ROBOTER\KRC\R1\VW_USER\VW_USR_S.DAT ) ---
    Releasekennung ist nicht aktuell
    Datei konvertieren --> [ NeedUpgrade = UpgSource ]
    --- Aufruf: UpGrade ( C:\KRC_OLDINST\KRC\R1\VW_User\vw_usr_s.src )
    Die Datei wird nur mittels der Quelldateien (evtl. Vorgabedateien) konvertiert (DoUpgradeBySource)
!!! Die Datei wird unkonvertiert geladen !!!
